05.12.2022 05:22:59 sql=[select*from loai ] 
05.12.2022 05:22:59 sql=[select * from admin where id='1' ] 
05.12.2022 05:22:59 sql=[select * from admin  ] 
05.12.2022 05:23:02 sql=[select*from loai ] 
05.12.2022 05:23:02 sql=[select * from admin where id='1' ] 
05.12.2022 05:23:02 sql=[select * from admin  ] 
05.12.2022 05:32:25 sql=[select*from loai ] 
05.12.2022 05:32:25 sql=[select * from admin where id='1' ] 
05.12.2022 05:32:25 sql=[select * from admin  ] 
05.12.2022 05:33:23 sql=[select*from loai ] 
05.12.2022 05:33:23 sql=[select * from admin where id='1' ] 
05.12.2022 05:33:23 sql=[select * from admin  ] 
05.12.2022 05:34:11 sql=[select*from loai ] 
05.12.2022 05:34:11 sql=[select * from admin where id='1' ] 
05.12.2022 05:34:11 sql=[select * from admin  ] 
05.12.2022 05:34:17 sql=[select*from loai ] 
05.12.2022 05:34:17 sql=[select * from admin where id='1' ] 
05.12.2022 05:34:20 sql=[select*from loai ] 
05.12.2022 05:34:20 sql=[select * from admin where id='1' ] 
05.12.2022 05:34:21 sql=[select * from admin  ] 
05.12.2022 08:10:40 sql=[select*from loai  ] 
05.12.2022 08:10:40 sql=[select * from sachcu where idl=1 and trangthai='able' LIMIT 6 ] 
05.12.2022 08:10:40 sql=[select * from sachcu where idl=2 and trangthai='able' LIMIT 6] 
05.12.2022 08:10:40 sql=[select * from sachcu where idl=3 and trangthai='able' LIMIT 6 ] 
05.12.2022 08:10:40 sql=[select * from sachcu where idl=4 and trangthai='able' LIMIT 6 ] 
05.12.2022 08:10:40 sql=[select * from sachcu where idl=5 and trangthai='able' LIMIT 6 ] 
05.12.2022 08:10:40 sql=[select * from sachcu where idl=6 and trangthai='able' LIMIT 6 ] 
05.12.2022 08:10:51 sql=[select * from admin where (username ='admin' or email='admin') and password = 'admin'] 
05.12.2022 08:10:51 sql=[select*from loai  ] 
05.12.2022 08:10:51 sql=[select * from sachcu where idl=1 and trangthai='able' LIMIT 6 ] 
05.12.2022 08:10:51 sql=[select * from sachcu where idl=2 and trangthai='able' LIMIT 6] 
05.12.2022 08:10:51 sql=[select * from sachcu where idl=3 and trangthai='able' LIMIT 6 ] 
05.12.2022 08:10:51 sql=[select * from sachcu where idl=4 and trangthai='able' LIMIT 6 ] 
05.12.2022 08:10:51 sql=[select * from sachcu where idl=5 and trangthai='able' LIMIT 6 ] 
05.12.2022 08:10:51 sql=[select * from sachcu where idl=6 and trangthai='able' LIMIT 6 ] 
05.12.2022 08:10:51 sql=[select * from admin where id='1' ] 
05.12.2022 08:11:05 sql=[select*from loai ] 
05.12.2022 08:11:05 sql=[select * from admin where id='1' ] 
05.12.2022 08:11:05 sql=[select * from admin  ] 
05.12.2022 08:11:13 sql=[select*from loai ] 
05.12.2022 08:11:13 sql=[select * from admin where id='1' ] 
05.12.2022 08:11:13 sql=[select * from admin  ] 
05.12.2022 08:11:21 sql=[select*from loai ] 
05.12.2022 08:11:21 sql=[select * from admin where id='1' ] 
05.12.2022 08:11:21 sql=[select * from admin  ] 
05.12.2022 08:11:25 sql=[select*from loai ] 
05.12.2022 08:11:25 sql=[select * from admin where id='1' ] 
05.12.2022 08:11:25 sql=[select * from admin  ] 
05.12.2022 08:12:01 sql=[select*from loai ] 
05.12.2022 08:12:01 sql=[select * from admin where id='1' ] 
05.12.2022 08:12:01 sql=[select * from admin  ] 
05.12.2022 08:12:05 <!-- sql=[ UPDATE admin SET trangthai='disable' where id='15'] --> 
05.12.2022 08:12:07 sql=[select*from loai ] 
05.12.2022 08:12:07 sql=[select * from admin where id='1' ] 
05.12.2022 08:12:07 sql=[select * from sachcu where trangthai='able' ] 
05.12.2022 08:17:06 sql=[select*from loai ] 
05.12.2022 08:17:06 sql=[select * from admin where id='1' ] 
05.12.2022 08:17:06 sql=[select * from sachcu where trangthai='able' ] 
05.12.2022 08:17:08 sql=[select*from loai ] 
05.12.2022 08:17:08 sql=[select * from admin where id='1' ] 
05.12.2022 08:17:08 sql=[select * from admin  ] 
05.12.2022 08:17:13 sql=[select * from admin where id='15' ] 
05.12.2022 08:17:13 <!-- sql=[ UPDATE admin SET trangthai='disable' where id='15'] --> 
05.12.2022 08:17:19 sql=[select*from loai ] 
05.12.2022 08:17:19 sql=[select * from admin where id='1' ] 
05.12.2022 08:17:19 sql=[select * from admin  ] 
05.12.2022 08:17:35 sql=[select*from loai ] 
05.12.2022 08:17:35 sql=[select * from admin where id='1' ] 
05.12.2022 08:17:35 sql=[select * from admin  ] 
05.12.2022 08:17:39 sql=[select*from loai ] 
05.12.2022 08:17:39 sql=[select * from admin where id='1' ] 
05.12.2022 08:17:39 sql=[select * from admin  ] 
05.12.2022 08:17:44 sql=[select * from admin where id='4' ] 
05.12.2022 08:17:44 <!-- sql=[ UPDATE admin SET trangthai='disable' where id='4'] --> 
05.12.2022 08:17:57 sql=[select * from admin where id='4' ] 
05.12.2022 08:17:57 <!-- sql=[ UPDATE admin SET trangthai='disable' where id='4'] --> 
05.12.2022 08:18:00 sql=[select*from loai ] 
05.12.2022 08:18:00 sql=[select * from admin where id='1' ] 
05.12.2022 08:18:00 sql=[select * from admin  ] 
05.12.2022 08:18:38 sql=[select*from loai ] 
05.12.2022 08:18:38 sql=[select * from admin where id='1' ] 
05.12.2022 08:18:38 sql=[select * from admin  ] 
05.12.2022 08:18:40 sql=[select * from admin where id='3' ] 
05.12.2022 08:18:40 <!-- sql=[ UPDATE admin SET trangthai='disable' where id='3'] --> 
05.12.2022 08:18:43 sql=[select*from loai ] 
05.12.2022 08:18:43 sql=[select * from admin where id='1' ] 
05.12.2022 08:18:43 sql=[select * from admin  ] 
05.12.2022 08:26:11 sql=[select*from loai ] 
05.12.2022 08:26:11 sql=[select * from admin where id='1' ] 
05.12.2022 08:26:11 sql=[select * from admin  ] 
05.12.2022 08:26:19 sql=[select*from loai ] 
05.12.2022 08:26:19 sql=[select * from admin where id='1' ] 
05.12.2022 08:26:19 sql=[select * from admin  ] 
05.12.2022 08:26:21 sql=[select * from admin where id='2' ] 
05.12.2022 08:26:54 sql=[select * from admin where id='2' ] 
05.12.2022 08:26:56 sql=[select * from admin where id='2' ] 
05.12.2022 08:27:06 sql=[select*from loai ] 
05.12.2022 08:27:06 sql=[select * from admin where id='1' ] 
05.12.2022 08:27:06 sql=[select * from admin  ] 
05.12.2022 08:27:08 sql=[select*from loai ] 
05.12.2022 08:27:08 sql=[select * from admin where id='1' ] 
05.12.2022 08:27:08 sql=[select * from admin  ] 
05.12.2022 08:27:11 sql=[select * from admin where id='2' ] 
05.12.2022 08:27:20 sql=[select*from loai ] 
05.12.2022 08:27:20 sql=[select * from admin where id='1' ] 
05.12.2022 08:27:20 sql=[select * from admin  ] 
05.12.2022 08:29:13 sql=[select*from loai ] 
05.12.2022 08:29:13 sql=[select * from admin where id='1' ] 
05.12.2022 08:29:13 sql=[select * from admin  ] 
05.12.2022 08:29:16 sql=[select * from admin where id='2' ] 
05.12.2022 08:29:22 sql=[select*from loai ] 
05.12.2022 08:29:22 sql=[select * from admin where id='1' ] 
05.12.2022 08:29:22 sql=[select * from admin  ] 
05.12.2022 08:29:24 sql=[select*from loai ] 
05.12.2022 08:29:25 sql=[select * from admin where id='1' ] 
05.12.2022 08:29:25 sql=[select * from admin  ] 
05.12.2022 08:29:30 sql=[select*from loai ] 
05.12.2022 08:29:30 sql=[select * from admin where id='1' ] 
05.12.2022 08:29:30 sql=[select * from admin  ] 
05.12.2022 08:29:32 sql=[select * from admin where id='1' ] 
05.12.2022 08:29:32 <!-- sql=[ UPDATE admin SET trangthai='disable' where id='1'] --> 
05.12.2022 08:29:38 sql=[select*from loai ] 
05.12.2022 08:29:38 sql=[select * from admin where id='1' ] 
05.12.2022 08:29:38 sql=[select * from admin  ] 
05.12.2022 08:29:45 sql=[select*from loai ] 
05.12.2022 08:29:45 sql=[select * from admin where id='1' ] 
05.12.2022 08:29:45 sql=[select * from admin  ] 
05.12.2022 08:30:39 sql=[select*from loai ] 
05.12.2022 08:30:39 sql=[select * from admin where id='1' ] 
05.12.2022 08:30:39 sql=[select * from admin  ] 
05.12.2022 08:30:41 sql=[select*from loai ] 
05.12.2022 08:30:41 sql=[select * from admin where id='1' ] 
05.12.2022 08:30:41 sql=[select * from admin  ] 
05.12.2022 08:30:42 sql=[select*from loai ] 
05.12.2022 08:30:42 sql=[select * from admin where id='1' ] 
05.12.2022 08:30:42 sql=[select * from admin  ] 
05.12.2022 08:30:43 sql=[select*from loai ] 
05.12.2022 08:30:43 sql=[select * from admin where id='1' ] 
05.12.2022 08:30:43 sql=[select * from admin  ] 
05.12.2022 08:30:44 sql=[select*from loai ] 
05.12.2022 08:30:44 sql=[select * from admin where id='1' ] 
05.12.2022 08:30:44 sql=[select * from admin  ] 
05.12.2022 08:30:44 sql=[select*from loai ] 
05.12.2022 08:30:44 sql=[select * from admin where id='1' ] 
05.12.2022 08:30:44 sql=[select * from admin  ] 
05.12.2022 08:30:45 sql=[select*from loai ] 
05.12.2022 08:30:45 sql=[select * from admin where id='1' ] 
05.12.2022 08:30:45 sql=[select * from admin  ] 
05.12.2022 08:30:45 sql=[select*from loai ] 
05.12.2022 08:30:45 sql=[select * from admin where id='1' ] 
05.12.2022 08:30:45 sql=[select * from admin  ] 
05.12.2022 08:30:46 sql=[select*from loai ] 
05.12.2022 08:30:46 sql=[select * from admin where id='1' ] 
05.12.2022 08:30:46 sql=[select * from admin  ] 
05.12.2022 08:30:46 sql=[select*from loai ] 
05.12.2022 08:30:46 sql=[select * from admin where id='1' ] 
05.12.2022 08:30:46 sql=[select * from admin  ] 
05.12.2022 08:30:47 sql=[select*from loai ] 
05.12.2022 08:30:47 sql=[select * from admin where id='1' ] 
05.12.2022 08:30:47 sql=[select * from admin  ] 
05.12.2022 08:30:47 sql=[select*from loai ] 
05.12.2022 08:30:47 sql=[select * from admin where id='1' ] 
05.12.2022 08:30:47 sql=[select * from admin  ] 
05.12.2022 08:30:48 sql=[select*from loai ] 
05.12.2022 08:30:48 sql=[select * from admin where id='1' ] 
05.12.2022 08:30:48 sql=[select * from admin  ] 
05.12.2022 08:30:49 sql=[select*from loai ] 
05.12.2022 08:30:49 sql=[select * from admin where id='1' ] 
05.12.2022 08:30:49 sql=[select * from admin  ] 
05.12.2022 08:31:13 sql=[select*from loai ] 
05.12.2022 08:31:13 sql=[select * from admin where id='1' ] 
05.12.2022 08:31:13 sql=[select * from admin  ] 
05.12.2022 08:31:15 sql=[select * from admin where id='1' ] 
05.12.2022 08:31:49 sql=[select * from admin where id='1' ] 
05.12.2022 08:31:50 sql=[select*from loai ] 
05.12.2022 08:31:50 sql=[select * from admin where id='1' ] 
05.12.2022 08:31:50 sql=[select * from admin  ] 
05.12.2022 08:31:52 sql=[select*from loai ] 
05.12.2022 08:31:52 sql=[select * from admin where id='1' ] 
05.12.2022 08:31:52 sql=[select * from admin  ] 
05.12.2022 08:31:56 sql=[select * from admin where id='1' ] 
05.12.2022 08:32:02 sql=[select*from loai ] 
05.12.2022 08:32:02 sql=[select * from admin where id='1' ] 
05.12.2022 08:32:02 sql=[select * from admin  ] 
05.12.2022 08:32:05 sql=[select * from admin where id='1' ] 
05.12.2022 08:32:41 sql=[select * from admin where id='1' ] 
05.12.2022 08:32:43 sql=[select*from loai ] 
05.12.2022 08:32:43 sql=[select * from admin where id='1' ] 
05.12.2022 08:32:43 sql=[select * from admin  ] 
05.12.2022 08:32:45 sql=[select*from loai ] 
05.12.2022 08:32:45 sql=[select * from admin where id='1' ] 
05.12.2022 08:32:45 sql=[select * from admin  ] 
05.12.2022 08:32:48 sql=[select * from admin where id='1' ] 
05.12.2022 08:33:15 sql=[select * from admin where id='1' ] 
05.12.2022 08:33:19 sql=[select*from loai ] 
05.12.2022 08:33:19 sql=[select * from admin where id='1' ] 
05.12.2022 08:33:19 sql=[select * from admin  ] 
05.12.2022 08:33:20 sql=[select * from admin where id='1' ] 
05.12.2022 08:33:34 sql=[select * from admin where id='1' ] 
05.12.2022 08:33:36 sql=[select*from loai ] 
05.12.2022 08:33:36 sql=[select * from admin where id='1' ] 
05.12.2022 08:33:36 sql=[select * from admin  ] 
05.12.2022 08:35:47 sql=[select*from loai ] 
05.12.2022 08:35:47 sql=[select * from admin where id='1' ] 
05.12.2022 08:35:47 sql=[select * from admin  ] 
05.12.2022 08:35:49 sql=[select * from admin where id='1' ] 
05.12.2022 08:35:49 <!-- sql=[ UPDATE admin SET trangthai='able' where id='1'] --> 
05.12.2022 08:35:52 sql=[select*from loai ] 
05.12.2022 08:35:52 sql=[select * from admin where id='1' ] 
05.12.2022 08:35:52 sql=[select * from admin  ] 
05.12.2022 08:35:53 sql=[select * from admin where id='2' ] 
05.12.2022 08:35:53 <!-- sql=[ UPDATE admin SET trangthai='able' where id='2'] --> 
05.12.2022 08:35:54 sql=[select*from loai ] 
05.12.2022 08:35:54 sql=[select * from admin where id='1' ] 
05.12.2022 08:35:54 sql=[select * from admin  ] 
05.12.2022 08:35:56 sql=[select * from admin where id='3' ] 
05.12.2022 08:35:56 <!-- sql=[ UPDATE admin SET trangthai='able' where id='3'] --> 
05.12.2022 08:35:57 sql=[select*from loai ] 
05.12.2022 08:35:57 sql=[select * from admin where id='1' ] 
05.12.2022 08:35:57 sql=[select * from admin  ] 
05.12.2022 08:35:58 sql=[select * from admin where id='3' ] 
05.12.2022 08:35:59 sql=[select*from loai ] 
05.12.2022 08:35:59 sql=[select * from admin where id='1' ] 
05.12.2022 08:35:59 sql=[select * from admin  ] 
05.12.2022 08:36:01 sql=[select * from admin where id='3' ] 
05.12.2022 08:36:03 sql=[select*from loai ] 
05.12.2022 08:36:03 sql=[select * from admin where id='1' ] 
05.12.2022 08:36:03 sql=[select * from admin  ] 
05.12.2022 08:36:05 sql=[select * from admin where id='4' ] 
05.12.2022 08:36:05 <!-- sql=[ UPDATE admin SET trangthai='able' where id='4'] --> 
05.12.2022 08:36:07 sql=[select*from loai ] 
05.12.2022 08:36:07 sql=[select * from admin where id='1' ] 
05.12.2022 08:36:07 sql=[select * from admin  ] 
05.12.2022 08:36:09 sql=[select*from loai ] 
05.12.2022 08:36:09 sql=[select * from admin where id='1' ] 
05.12.2022 08:36:09 sql=[select * from admin  ] 
05.12.2022 08:36:12 sql=[select * from admin where id='4' ] 
05.12.2022 08:36:13 sql=[select*from loai ] 
05.12.2022 08:36:13 sql=[select * from admin where id='1' ] 
05.12.2022 08:36:13 sql=[select * from admin  ] 
05.12.2022 08:36:15 sql=[select*from loai ] 
05.12.2022 08:36:15 sql=[select * from admin where id='1' ] 
05.12.2022 08:36:15 sql=[select * from admin  ] 
05.12.2022 08:36:17 sql=[select * from admin where id='15' ] 
05.12.2022 08:36:17 <!-- sql=[ UPDATE admin SET trangthai='able' where id='15'] --> 
05.12.2022 08:36:18 sql=[select*from loai ] 
05.12.2022 08:36:18 sql=[select * from admin where id='1' ] 
05.12.2022 08:36:18 sql=[select * from admin  ] 
05.12.2022 08:38:27 sql=[select*from loai ] 
05.12.2022 08:38:27 sql=[select * from admin where id='1' ] 
05.12.2022 08:38:27 sql=[select * from admin  ] 
05.12.2022 08:38:28 sql=[select*from loai ] 
05.12.2022 08:38:28 sql=[select * from admin where id='1' ] 
05.12.2022 08:38:28 sql=[select * from admin  ] 
05.12.2022 08:38:29 sql=[select * from admin where id='1' ] 
05.12.2022 08:38:29 <!-- sql=[ UPDATE admin SET trangthai='disable' where id='1'] --> 
05.12.2022 08:38:31 sql=[select*from loai ] 
05.12.2022 08:38:31 sql=[select * from admin where id='1' ] 
05.12.2022 08:38:31 sql=[select * from admin  ] 
05.12.2022 08:38:55 sql=[select * from admin where id='1' ] 
05.12.2022 08:38:56 sql=[select*from loai ] 
05.12.2022 08:38:57 sql=[select * from admin where id='1' ] 
05.12.2022 08:38:57 sql=[select * from admin  ] 
05.12.2022 08:39:15 sql=[select*from loai ] 
05.12.2022 08:39:15 sql=[select * from admin where id='1' ] 
05.12.2022 08:39:15 sql=[select * from admin  ] 
05.12.2022 08:39:16 sql=[select*from loai ] 
05.12.2022 08:39:16 sql=[select * from admin where id='1' ] 
05.12.2022 08:39:16 sql=[select * from admin  ] 
05.12.2022 08:39:17 sql=[select * from admin where id='1' ] 
05.12.2022 08:39:17 <!-- sql=[ UPDATE admin SET trangthai='able' where id='1'] --> 
05.12.2022 08:39:19 sql=[select*from loai ] 
05.12.2022 08:39:19 sql=[select * from admin where id='1' ] 
05.12.2022 08:39:19 sql=[select * from admin  ] 
05.12.2022 08:40:13 sql=[select*from loai ] 
05.12.2022 08:40:13 sql=[select * from admin where id='1' ] 
05.12.2022 08:40:13 sql=[select * from admin  ] 
05.12.2022 08:40:15 sql=[select*from loai ] 
05.12.2022 08:40:15 sql=[select * from admin where id='1' ] 
05.12.2022 08:40:15 sql=[select * from admin  ] 
05.12.2022 08:40:16 sql=[select*from loai ] 
05.12.2022 08:40:16 sql=[select * from admin where id='1' ] 
05.12.2022 08:40:16 sql=[select * from admin  ] 
05.12.2022 08:40:38 sql=[select*from loai ] 
05.12.2022 08:40:38 sql=[select * from admin where id='1' ] 
05.12.2022 08:40:38 sql=[select * from admin  ] 
05.12.2022 08:40:40 sql=[select*from loai ] 
05.12.2022 08:40:40 sql=[select * from admin where id='1' ] 
05.12.2022 08:40:40 sql=[select * from admin  ] 
05.12.2022 08:40:41 sql=[select*from loai ] 
05.12.2022 08:40:41 sql=[select * from admin where id='1' ] 
05.12.2022 08:40:41 sql=[select * from admin  ] 
05.12.2022 08:40:43 sql=[select * from admin where id='1' ] 
05.12.2022 08:40:43 <!-- sql=[ UPDATE admin SET trangthai='disable' where id='1'] --> 
05.12.2022 08:40:44 sql=[select*from loai ] 
05.12.2022 08:40:44 sql=[select * from admin where id='1' ] 
05.12.2022 08:40:44 sql=[select * from admin  ] 
05.12.2022 08:40:52 sql=[select*from loai ] 
05.12.2022 08:40:52 sql=[select * from admin where id='1' ] 
05.12.2022 08:40:52 sql=[select * from admin  ] 
05.12.2022 08:40:56 sql=[select * from admin where id='1' ] 
05.12.2022 08:40:58 sql=[select*from loai ] 
05.12.2022 08:40:58 sql=[select * from admin where id='1' ] 
05.12.2022 08:40:58 sql=[select * from admin  ] 
05.12.2022 08:41:00 sql=[select*from loai ] 
05.12.2022 08:41:00 sql=[select * from admin where id='1' ] 
05.12.2022 08:41:00 sql=[select * from admin  ] 
05.12.2022 08:41:01 sql=[select*from loai ] 
05.12.2022 08:41:01 sql=[select * from admin where id='1' ] 
05.12.2022 08:41:01 sql=[select * from admin  ] 
05.12.2022 08:41:02 sql=[select * from admin where id='1' ] 
05.12.2022 08:41:04 sql=[select*from loai ] 
05.12.2022 08:41:04 sql=[select * from admin where id='1' ] 
05.12.2022 08:41:04 sql=[select * from admin  ] 
05.12.2022 08:41:05 sql=[select * from admin where id='1' ] 
05.12.2022 08:41:07 sql=[select*from loai ] 
05.12.2022 08:41:07 sql=[select * from admin where id='1' ] 
05.12.2022 08:41:07 sql=[select * from admin  ] 
05.12.2022 08:41:09 sql=[select * from admin where id='1' ] 
05.12.2022 08:41:10 sql=[select*from loai ] 
05.12.2022 08:41:10 sql=[select * from admin where id='1' ] 
05.12.2022 08:41:10 sql=[select * from admin  ] 
05.12.2022 08:41:27 sql=[select*from loai ] 
05.12.2022 08:41:27 sql=[select * from admin where id='1' ] 
05.12.2022 08:41:27 sql=[select * from admin  ] 
05.12.2022 08:41:30 sql=[select*from loai ] 
05.12.2022 08:41:30 sql=[select * from admin where id='1' ] 
05.12.2022 08:41:31 sql=[select*from loai ] 
05.12.2022 08:41:31 sql=[select * from admin where id='1' ] 
05.12.2022 08:41:31 sql=[select * from admin  ] 
05.12.2022 08:41:33 sql=[select * from admin where id='1' ] 
05.12.2022 08:41:33 <!-- sql=[ UPDATE admin SET trangthai='able' where id='1'] --> 
05.12.2022 08:41:35 sql=[select*from loai ] 
05.12.2022 08:41:35 sql=[select * from admin where id='1' ] 
05.12.2022 08:41:35 sql=[select * from admin  ] 
05.12.2022 08:41:45 sql=[select*from loai ] 
05.12.2022 08:41:45 sql=[select * from admin where id='1' ] 
05.12.2022 08:41:45 sql=[select * from admin  ] 
05.12.2022 08:41:54 sql=[select*from loai ] 
05.12.2022 08:41:54 sql=[select * from admin where id='1' ] 
05.12.2022 08:41:54 sql=[select * from admin  ] 
05.12.2022 08:41:56 sql=[select * from admin where id='1' ] 
05.12.2022 08:41:58 sql=[select*from loai ] 
05.12.2022 08:41:58 sql=[select * from admin where id='1' ] 
05.12.2022 08:41:58 sql=[select * from admin  ] 
05.12.2022 08:41:59 sql=[select*from loai ] 
05.12.2022 08:41:59 sql=[select * from admin where id='1' ] 
05.12.2022 08:41:59 sql=[select * from admin  ] 
05.12.2022 08:42:01 sql=[select*from loai ] 
05.12.2022 08:42:01 sql=[select * from admin where id='1' ] 
05.12.2022 08:42:01 sql=[select * from admin  ] 
05.12.2022 08:42:02 sql=[select * from admin where id='1' ] 
05.12.2022 08:42:04 sql=[select*from loai ] 
05.12.2022 08:42:04 sql=[select * from admin where id='1' ] 
05.12.2022 08:42:04 sql=[select * from admin  ] 
05.12.2022 08:42:09 sql=[select*from loai ] 
05.12.2022 08:42:09 sql=[select * from admin where id='1' ] 
05.12.2022 08:42:09 sql=[select * from admin  ] 
05.12.2022 08:42:13 sql=[select*from loai ] 
05.12.2022 08:42:13 sql=[select * from admin where id='1' ] 
05.12.2022 08:42:13 sql=[select * from admin  ] 
05.12.2022 08:42:14 sql=[select * from admin where id='1' ] 
05.12.2022 08:42:15 sql=[select*from loai ] 
05.12.2022 08:42:15 sql=[select * from admin where id='1' ] 
05.12.2022 08:42:15 sql=[select * from admin  ] 
05.12.2022 08:42:17 sql=[select * from admin where id='1' ] 
05.12.2022 08:42:18 sql=[select*from loai ] 
05.12.2022 08:42:18 sql=[select * from admin where id='1' ] 
05.12.2022 08:42:18 sql=[select * from admin  ] 
05.12.2022 08:42:19 sql=[select * from admin where id='2' ] 
05.12.2022 08:42:19 <!-- sql=[ UPDATE admin SET trangthai='disable' where id='2'] --> 
05.12.2022 08:42:20 sql=[select*from loai ] 
05.12.2022 08:42:20 sql=[select * from admin where id='1' ] 
05.12.2022 08:42:20 sql=[select * from admin  ] 
05.12.2022 08:42:23 sql=[select * from admin where id='2' ] 
05.12.2022 08:42:23 <!-- sql=[ UPDATE admin SET trangthai='able' where id='2'] --> 
05.12.2022 08:42:24 sql=[select*from loai ] 
05.12.2022 08:42:24 sql=[select * from admin where id='1' ] 
05.12.2022 08:42:24 sql=[select * from admin  ] 
05.12.2022 08:42:44 sql=[select*from loai ] 
05.12.2022 08:42:44 sql=[select * from admin where id='1' ] 
05.12.2022 08:42:44 sql=[select * from admin  ] 
05.12.2022 08:42:46 sql=[select*from loai ] 
05.12.2022 08:42:46 sql=[select * from admin where id='1' ] 
05.12.2022 08:42:46 sql=[select * from sachcu where trangthai='able' ] 
05.12.2022 08:42:48 sql=[select*from loai ] 
05.12.2022 08:42:48 sql=[select * from admin where id='1' ] 
05.12.2022 08:42:48 sql=[select * from sachcu where ids = '1'] 
05.12.2022 08:42:49 sql=[select*from loai ] 
05.12.2022 08:42:49 sql=[select * from admin where id='1' ] 
05.12.2022 08:42:49 sql=[select * from sachcu where trangthai='able' ] 
05.12.2022 08:42:54 sql=[select*from loai ] 
05.12.2022 08:42:54 sql=[select * from admin where id='1' ] 
05.12.2022 08:42:56 sql=[select*from loai ] 
05.12.2022 08:42:56 sql=[select * from admin where id='1' ] 
05.12.2022 08:44:54 sql=[select*from loai ] 
05.12.2022 08:44:54 sql=[select * from admin where id='1' ] 
05.12.2022 08:45:48 sql=[select*from loai ] 
05.12.2022 08:45:48 sql=[select * from admin where id='1' ] 
05.12.2022 08:45:48 sql=[select * from sachcu where trangthai='able' ] 
05.12.2022 08:45:49 sql=[select*from loai ] 
05.12.2022 08:45:49 sql=[select * from admin where id='1' ] 
05.12.2022 08:45:49 sql=[select * from admin  ] 
05.12.2022 08:45:51 sql=[select*from loai  ] 
05.12.2022 08:45:51 sql=[select * from sachcu where idl=1 and trangthai='able' LIMIT 6 ] 
05.12.2022 08:45:51 sql=[select * from sachcu where idl=2 and trangthai='able' LIMIT 6] 
05.12.2022 08:45:51 sql=[select * from sachcu where idl=3 and trangthai='able' LIMIT 6 ] 
05.12.2022 08:45:51 sql=[select * from sachcu where idl=4 and trangthai='able' LIMIT 6 ] 
05.12.2022 08:45:51 sql=[select * from sachcu where idl=5 and trangthai='able' LIMIT 6 ] 
05.12.2022 08:45:51 sql=[select * from sachcu where idl=6 and trangthai='able' LIMIT 6 ] 
05.12.2022 08:45:58 sql=[select * from admin where (username ='trang' or email='trang') and password = '1'] 
05.12.2022 08:45:58 sql=[select*from loai  ] 
05.12.2022 08:45:58 sql=[select * from sachcu where idl=1 and trangthai='able' LIMIT 6 ] 
05.12.2022 08:45:58 sql=[select * from sachcu where idl=2 and trangthai='able' LIMIT 6] 
05.12.2022 08:45:58 sql=[select * from sachcu where idl=3 and trangthai='able' LIMIT 6 ] 
05.12.2022 08:45:58 sql=[select * from sachcu where idl=4 and trangthai='able' LIMIT 6 ] 
05.12.2022 08:45:58 sql=[select * from sachcu where idl=5 and trangthai='able' LIMIT 6 ] 
05.12.2022 08:45:58 sql=[select * from sachcu where idl=6 and trangthai='able' LIMIT 6 ] 
05.12.2022 08:45:58 sql=[select * from admin where id='4' ] 
05.12.2022 08:46:19 sql=[select*from loai ] 
05.12.2022 08:46:19 sql=[select * from admin where id='4' ] 
05.12.2022 08:46:19 sql=[select * from sachcu where id='4' and trangthai='able'] 
05.12.2022 08:46:24 sql=[select*from loai ] 
05.12.2022 08:46:24 sql=[select * from admin where id='4' ] 
05.12.2022 08:46:24 sql=[select * from sachcu where ids = '3'] 
05.12.2022 08:46:29 sql=[select*from loai ] 
05.12.2022 08:46:29 sql=[select * from admin where id='4' ] 
05.12.2022 08:46:29 sql=[select * from sachcu where ids = '3'] 
05.12.2022 08:46:29 <!-- sql=[ UPDATE sachcu SET id='4',idl='3', TenS='Phi Lý Trí', TacGia='Dan Ariely',anh='img/tamly3.jpg', MoTa='Cuốn sách Phi Lý Trí là tập hợp những nghiên cứu và thí nghiệm của một giáo sư tâm lý học và kinh tế học hành vi - Dan Ariely, với mục đích chung là chứng minh sự thiếu sáng suốt của con người trong cách ra quyết định đồng thời khai mở những hiện tượng tâm lý mới mẻ thú vị. <p>Trong cuốn sách này, giáo sư Ariely đã đưa ra một khẳng định bất ngờ rằng: chúng ta thường xuyên có xu hướng phi lý trí theo một “hệ thống” vô hình. Với những nghiên cứu chuyên sâu kết hợp với những trải nghiệm thực tế, Ariely đã giúp chúng ta khám phá ra “điểm mù” trong tư duy thường nhật<p>. ', Diem='51' where ids=3] --> 
05.12.2022 08:46:30 sql=[select*from loai ] 
05.12.2022 08:46:30 sql=[select * from admin where id='4' ] 
05.12.2022 08:46:30 sql=[select * from sachcu where id='4' and trangthai='able'] 
05.12.2022 08:46:33 sql=[select*from loai  ] 
05.12.2022 08:46:33 sql=[select * from sachcu where idl=1 and trangthai='able' LIMIT 6 ] 
05.12.2022 08:46:33 sql=[select * from sachcu where idl=2 and trangthai='able' LIMIT 6] 
05.12.2022 08:46:33 sql=[select * from sachcu where idl=3 and trangthai='able' LIMIT 6 ] 
05.12.2022 08:46:33 sql=[select * from sachcu where idl=4 and trangthai='able' LIMIT 6 ] 
05.12.2022 08:46:33 sql=[select * from sachcu where idl=5 and trangthai='able' LIMIT 6 ] 
05.12.2022 08:46:33 sql=[select * from sachcu where idl=6 and trangthai='able' LIMIT 6 ] 
05.12.2022 08:49:43 sql=[select*from loai  ] 
05.12.2022 08:49:43 sql=[select * from sachcu where idl=1 and trangthai='able' LIMIT 6 ] 
05.12.2022 08:49:43 sql=[select * from sachcu where idl=2 and trangthai='able' LIMIT 6] 
05.12.2022 08:49:43 sql=[select * from sachcu where idl=3 and trangthai='able' LIMIT 6 ] 
05.12.2022 08:49:43 sql=[select * from sachcu where idl=4 and trangthai='able' LIMIT 6 ] 
05.12.2022 08:49:43 sql=[select * from sachcu where idl=5 and trangthai='able' LIMIT 6 ] 
05.12.2022 08:49:43 sql=[select * from sachcu where idl=6 and trangthai='able' LIMIT 6 ] 
05.12.2022 08:49:50 sql=[select*from sachcu where idl='1' and trangthai='able'] 
05.12.2022 08:49:50 sql=[select*from loai where idl='1'] 
05.12.2022 08:49:50 sql=[select*from loai ] 
05.12.2022 08:49:53 sql=[select*from sachcu where idl='3' and trangthai='able'] 
05.12.2022 08:49:53 sql=[select*from loai where idl='3'] 
05.12.2022 08:49:54 sql=[select*from loai ] 
05.12.2022 08:51:09 sql=[select * from admin where (username ='admin' or email='admin') and password = 'admin'] 
05.12.2022 08:51:09 sql=[select*from loai  ] 
05.12.2022 08:51:09 sql=[select * from sachcu where idl=1 and trangthai='able' LIMIT 6 ] 
05.12.2022 08:51:09 sql=[select * from sachcu where idl=2 and trangthai='able' LIMIT 6] 
05.12.2022 08:51:09 sql=[select * from sachcu where idl=3 and trangthai='able' LIMIT 6 ] 
05.12.2022 08:51:09 sql=[select * from sachcu where idl=4 and trangthai='able' LIMIT 6 ] 
05.12.2022 08:51:09 sql=[select * from sachcu where idl=5 and trangthai='able' LIMIT 6 ] 
05.12.2022 08:51:09 sql=[select * from sachcu where idl=6 and trangthai='able' LIMIT 6 ] 
05.12.2022 08:51:09 sql=[select * from admin where id='1' ] 
05.12.2022 08:51:14 sql=[select*from loai ] 
05.12.2022 08:51:14 sql=[select * from admin where id='1' ] 
05.12.2022 08:51:14 sql=[select * from sachcu where trangthai='able' ] 
05.12.2022 08:51:33 sql=[select*from loai  ] 
05.12.2022 08:51:33 sql=[select * from sachcu where idl=1 and trangthai='able' LIMIT 6 ] 
05.12.2022 08:51:33 sql=[select * from sachcu where idl=2 and trangthai='able' LIMIT 6] 
05.12.2022 08:51:33 sql=[select * from sachcu where idl=3 and trangthai='able' LIMIT 6 ] 
05.12.2022 08:51:33 sql=[select * from sachcu where idl=4 and trangthai='able' LIMIT 6 ] 
05.12.2022 08:51:33 sql=[select * from sachcu where idl=5 and trangthai='able' LIMIT 6 ] 
05.12.2022 08:51:33 sql=[select * from sachcu where idl=6 and trangthai='able' LIMIT 6 ] 
05.12.2022 08:51:33 sql=[select * from admin where id='1' ] 
05.12.2022 08:51:54 sql=[select*from loai  ] 
05.12.2022 08:51:54 sql=[select * from sachcu where idl=1 and trangthai='able' LIMIT 6 ] 
05.12.2022 08:51:54 sql=[select * from sachcu where idl=2 and trangthai='able' LIMIT 6] 
05.12.2022 08:51:54 sql=[select * from sachcu where idl=3 and trangthai='able' LIMIT 6 ] 
05.12.2022 08:51:54 sql=[select * from sachcu where idl=4 and trangthai='able' LIMIT 6 ] 
05.12.2022 08:51:54 sql=[select * from sachcu where idl=5 and trangthai='able' LIMIT 6 ] 
05.12.2022 08:51:54 sql=[select * from sachcu where idl=6 and trangthai='able' LIMIT 6 ] 
05.12.2022 08:52:00 sql=[select*from sachcu where idl='1' and trangthai='able'] 
05.12.2022 08:52:00 sql=[select*from loai where idl='1'] 
05.12.2022 08:52:00 sql=[select*from loai ] 
05.12.2022 08:52:03 sql=[select*from sachcu where idl='3' and trangthai='able'] 
05.12.2022 08:52:03 sql=[select*from loai where idl='3'] 
05.12.2022 08:52:03 sql=[select*from loai ] 
05.12.2022 08:58:56 sql=[select*from loai ] 
05.12.2022 08:59:05 sql=[select*from loai ] 
05.12.2022 08:59:08 sql=[select*from loai ] 
05.12.2022 08:59:38 sql=[select*from loai  ] 
05.12.2022 08:59:38 sql=[select * from sachcu where idl=1 and trangthai='able' LIMIT 6 ] 
05.12.2022 08:59:38 sql=[select * from sachcu where idl=2 and trangthai='able' LIMIT 6] 
05.12.2022 08:59:38 sql=[select * from sachcu where idl=3 and trangthai='able' LIMIT 6 ] 
05.12.2022 08:59:38 sql=[select * from sachcu where idl=4 and trangthai='able' LIMIT 6 ] 
05.12.2022 08:59:38 sql=[select * from sachcu where idl=5 and trangthai='able' LIMIT 6 ] 
05.12.2022 08:59:38 sql=[select * from sachcu where idl=6 and trangthai='able' LIMIT 6 ] 
05.12.2022 08:59:39 sql=[select*from loai  ] 
05.12.2022 08:59:39 sql=[select * from sachcu where idl=1 and trangthai='able' LIMIT 6 ] 
05.12.2022 08:59:39 sql=[select * from sachcu where idl=2 and trangthai='able' LIMIT 6] 
05.12.2022 08:59:39 sql=[select * from sachcu where idl=3 and trangthai='able' LIMIT 6 ] 
05.12.2022 08:59:39 sql=[select * from sachcu where idl=4 and trangthai='able' LIMIT 6 ] 
05.12.2022 08:59:39 sql=[select * from sachcu where idl=5 and trangthai='able' LIMIT 6 ] 
05.12.2022 08:59:39 sql=[select * from sachcu where idl=6 and trangthai='able' LIMIT 6 ] 
05.12.2022 08:59:40 sql=[select*from loai  ] 
05.12.2022 08:59:40 sql=[select * from sachcu where idl=1 and trangthai='able' LIMIT 6 ] 
05.12.2022 08:59:40 sql=[select * from sachcu where idl=2 and trangthai='able' LIMIT 6] 
05.12.2022 08:59:40 sql=[select * from sachcu where idl=3 and trangthai='able' LIMIT 6 ] 
05.12.2022 08:59:40 sql=[select * from sachcu where idl=4 and trangthai='able' LIMIT 6 ] 
05.12.2022 08:59:40 sql=[select * from sachcu where idl=5 and trangthai='able' LIMIT 6 ] 
05.12.2022 08:59:40 sql=[select * from sachcu where idl=6 and trangthai='able' LIMIT 6 ] 
05.12.2022 08:59:41 sql=[select*from loai  ] 
05.12.2022 08:59:41 sql=[select * from sachcu where idl=1 and trangthai='able' LIMIT 6 ] 
05.12.2022 08:59:41 sql=[select * from sachcu where idl=2 and trangthai='able' LIMIT 6] 
05.12.2022 08:59:41 sql=[select * from sachcu where idl=3 and trangthai='able' LIMIT 6 ] 
05.12.2022 08:59:41 sql=[select * from sachcu where idl=4 and trangthai='able' LIMIT 6 ] 
05.12.2022 08:59:41 sql=[select * from sachcu where idl=5 and trangthai='able' LIMIT 6 ] 
05.12.2022 08:59:41 sql=[select * from sachcu where idl=6 and trangthai='able' LIMIT 6 ] 
05.12.2022 08:59:42 sql=[select*from loai  ] 
05.12.2022 08:59:42 sql=[select * from sachcu where idl=1 and trangthai='able' LIMIT 6 ] 
05.12.2022 08:59:42 sql=[select * from sachcu where idl=2 and trangthai='able' LIMIT 6] 
05.12.2022 08:59:42 sql=[select * from sachcu where idl=3 and trangthai='able' LIMIT 6 ] 
05.12.2022 08:59:42 sql=[select * from sachcu where idl=4 and trangthai='able' LIMIT 6 ] 
05.12.2022 08:59:42 sql=[select * from sachcu where idl=5 and trangthai='able' LIMIT 6 ] 
05.12.2022 08:59:42 sql=[select * from sachcu where idl=6 and trangthai='able' LIMIT 6 ] 
05.12.2022 08:59:43 sql=[select*from loai  ] 
05.12.2022 08:59:43 sql=[select * from sachcu where idl=1 and trangthai='able' LIMIT 6 ] 
05.12.2022 08:59:43 sql=[select * from sachcu where idl=2 and trangthai='able' LIMIT 6] 
05.12.2022 08:59:43 sql=[select * from sachcu where idl=3 and trangthai='able' LIMIT 6 ] 
05.12.2022 08:59:43 sql=[select * from sachcu where idl=4 and trangthai='able' LIMIT 6 ] 
05.12.2022 08:59:43 sql=[select * from sachcu where idl=5 and trangthai='able' LIMIT 6 ] 
05.12.2022 08:59:43 sql=[select * from sachcu where idl=6 and trangthai='able' LIMIT 6 ] 
05.12.2022 08:59:45 sql=[select*from sachcu where idl='1' and trangthai='able'] 
05.12.2022 08:59:45 sql=[select*from loai where idl='1'] 
05.12.2022 08:59:45 sql=[select*from loai ] 
05.12.2022 08:59:46 sql=[select*from loai  ] 
05.12.2022 08:59:46 sql=[select * from sachcu where idl=1 and trangthai='able' LIMIT 6 ] 
05.12.2022 08:59:46 sql=[select * from sachcu where idl=2 and trangthai='able' LIMIT 6] 
05.12.2022 08:59:46 sql=[select * from sachcu where idl=3 and trangthai='able' LIMIT 6 ] 
05.12.2022 08:59:46 sql=[select * from sachcu where idl=4 and trangthai='able' LIMIT 6 ] 
05.12.2022 08:59:46 sql=[select * from sachcu where idl=5 and trangthai='able' LIMIT 6 ] 
05.12.2022 08:59:46 sql=[select * from sachcu where idl=6 and trangthai='able' LIMIT 6 ] 
05.12.2022 08:59:50 sql=[select*from sachcu where idl='3' and trangthai='able'] 
05.12.2022 08:59:50 sql=[select*from loai where idl='3'] 
05.12.2022 08:59:50 sql=[select*from loai ] 
05.12.2022 08:59:51 sql=[select*from loai  ] 
05.12.2022 08:59:51 sql=[select * from sachcu where idl=1 and trangthai='able' LIMIT 6 ] 
05.12.2022 08:59:51 sql=[select * from sachcu where idl=2 and trangthai='able' LIMIT 6] 
05.12.2022 08:59:51 sql=[select * from sachcu where idl=3 and trangthai='able' LIMIT 6 ] 
05.12.2022 08:59:51 sql=[select * from sachcu where idl=4 and trangthai='able' LIMIT 6 ] 
05.12.2022 08:59:51 sql=[select * from sachcu where idl=5 and trangthai='able' LIMIT 6 ] 
05.12.2022 08:59:51 sql=[select * from sachcu where idl=6 and trangthai='able' LIMIT 6 ] 
05.12.2022 08:59:53 sql=[select*from sachcu where ids='1'] 
05.12.2022 08:59:53 sql=[select*from loai ] 
05.12.2022 08:59:54 sql=[select*from loai  ] 
05.12.2022 08:59:54 sql=[select * from sachcu where idl=1 and trangthai='able' LIMIT 6 ] 
05.12.2022 08:59:54 sql=[select * from sachcu where idl=2 and trangthai='able' LIMIT 6] 
05.12.2022 08:59:54 sql=[select * from sachcu where idl=3 and trangthai='able' LIMIT 6 ] 
05.12.2022 08:59:54 sql=[select * from sachcu where idl=4 and trangthai='able' LIMIT 6 ] 
05.12.2022 08:59:54 sql=[select * from sachcu where idl=5 and trangthai='able' LIMIT 6 ] 
05.12.2022 08:59:54 sql=[select * from sachcu where idl=6 and trangthai='able' LIMIT 6 ] 
05.12.2022 08:59:55 sql=[select*from loai  ] 
05.12.2022 08:59:55 sql=[select * from sachcu where idl=1 and trangthai='able' LIMIT 6 ] 
05.12.2022 08:59:55 sql=[select * from sachcu where idl=2 and trangthai='able' LIMIT 6] 
05.12.2022 08:59:55 sql=[select * from sachcu where idl=3 and trangthai='able' LIMIT 6 ] 
05.12.2022 08:59:55 sql=[select * from sachcu where idl=4 and trangthai='able' LIMIT 6 ] 
05.12.2022 08:59:55 sql=[select * from sachcu where idl=5 and trangthai='able' LIMIT 6 ] 
05.12.2022 08:59:55 sql=[select * from sachcu where idl=6 and trangthai='able' LIMIT 6 ] 
05.12.2022 08:59:59 sql=[select*from loai  ] 
05.12.2022 08:59:59 sql=[select * from sachcu where idl=1 and trangthai='able' LIMIT 6 ] 
05.12.2022 08:59:59 sql=[select * from sachcu where idl=2 and trangthai='able' LIMIT 6] 
05.12.2022 08:59:59 sql=[select * from sachcu where idl=3 and trangthai='able' LIMIT 6 ] 
05.12.2022 08:59:59 sql=[select * from sachcu where idl=4 and trangthai='able' LIMIT 6 ] 
05.12.2022 08:59:59 sql=[select * from sachcu where idl=5 and trangthai='able' LIMIT 6 ] 
05.12.2022 08:59:59 sql=[select * from sachcu where idl=6 and trangthai='able' LIMIT 6 ] 
05.12.2022 09:00:07 sql=[select*from loai ] 
05.12.2022 09:00:13 sql=[select*from loai ] 
05.12.2022 09:00:13 sql=[select * from admin where (username ='admin' or email='admin') and password = 'admin'] 
05.12.2022 09:00:13 sql=[select*from loai  ] 
05.12.2022 09:00:13 sql=[select * from sachcu where idl=1 and trangthai='able' LIMIT 6 ] 
05.12.2022 09:00:13 sql=[select * from sachcu where idl=2 and trangthai='able' LIMIT 6] 
05.12.2022 09:00:13 sql=[select * from sachcu where idl=3 and trangthai='able' LIMIT 6 ] 
05.12.2022 09:00:13 sql=[select * from sachcu where idl=4 and trangthai='able' LIMIT 6 ] 
05.12.2022 09:00:13 sql=[select * from sachcu where idl=5 and trangthai='able' LIMIT 6 ] 
05.12.2022 09:00:13 sql=[select * from sachcu where idl=6 and trangthai='able' LIMIT 6 ] 
05.12.2022 09:00:13 sql=[select * from admin where id='1' ] 
05.12.2022 09:00:16 sql=[select*from loai ] 
05.12.2022 09:00:16 sql=[select * from admin where id='1' ] 
05.12.2022 09:00:16 sql=[select * from sachcu where ids='1' ] 
05.12.2022 09:00:17 sql=[select*from loai  ] 
05.12.2022 09:00:17 sql=[select * from sachcu where idl=1 and trangthai='able' LIMIT 6 ] 
05.12.2022 09:00:17 sql=[select * from sachcu where idl=2 and trangthai='able' LIMIT 6] 
05.12.2022 09:00:17 sql=[select * from sachcu where idl=3 and trangthai='able' LIMIT 6 ] 
05.12.2022 09:00:17 sql=[select * from sachcu where idl=4 and trangthai='able' LIMIT 6 ] 
05.12.2022 09:00:17 sql=[select * from sachcu where idl=5 and trangthai='able' LIMIT 6 ] 
05.12.2022 09:00:17 sql=[select * from sachcu where idl=6 and trangthai='able' LIMIT 6 ] 
05.12.2022 09:00:17 sql=[select * from admin where id='1' ] 
05.12.2022 09:00:19 sql=[select*from loai ] 
05.12.2022 09:00:19 sql=[select * from admin where id='1' ] 
05.12.2022 09:00:19 sql=[select * from sachcu where ids='1' ] 
05.12.2022 09:00:21 sql=[select*from loai ] 
05.12.2022 09:00:21 sql=[select * from admin where id='1' ] 
05.12.2022 09:00:21 sql=[select * from sachcu where ids='1' ] 
05.12.2022 09:00:21 sql=[select * from admin where id='1' ] 
05.12.2022 09:00:22 sql=[select*from loai  ] 
05.12.2022 09:00:22 sql=[select * from sachcu where idl=1 and trangthai='able' LIMIT 6 ] 
05.12.2022 09:00:22 sql=[select * from sachcu where idl=2 and trangthai='able' LIMIT 6] 
05.12.2022 09:00:22 sql=[select * from sachcu where idl=3 and trangthai='able' LIMIT 6 ] 
05.12.2022 09:00:22 sql=[select * from sachcu where idl=4 and trangthai='able' LIMIT 6 ] 
05.12.2022 09:00:22 sql=[select * from sachcu where idl=5 and trangthai='able' LIMIT 6 ] 
05.12.2022 09:00:22 sql=[select * from sachcu where idl=6 and trangthai='able' LIMIT 6 ] 
05.12.2022 09:00:22 sql=[select * from admin where id='1' ] 
05.12.2022 09:00:24 sql=[select*from loai ] 
05.12.2022 09:00:24 sql=[select * from admin where id='1' ] 
05.12.2022 09:00:24 sql=[select * from sachcu where ids='1' ] 
05.12.2022 09:00:24 sql=[select * from admin where id='1' ] 
05.12.2022 09:00:27 sql=[select*from sachcu where idl='2' and trangthai='able'] 
05.12.2022 09:00:27 sql=[select*from loai where idl='2'] 
05.12.2022 09:00:27 sql=[select*from loai ] 
05.12.2022 09:00:30 sql=[select*from loai ] 
05.12.2022 09:00:30 sql=[select * from admin where id='1' ] 
05.12.2022 09:00:30 sql=[select * from sachcu where ids='1' ] 
05.12.2022 09:00:30 sql=[select * from admin where id='1' ] 
05.12.2022 09:00:38 sql=[select*from sachcu where idl='4' and trangthai='able'] 
05.12.2022 09:00:38 sql=[select*from loai where idl='4'] 
05.12.2022 09:00:38 sql=[select*from loai ] 
05.12.2022 09:00:44 sql=[select*from loai ] 
05.12.2022 09:00:44 sql=[select * from admin where id='1' ] 
05.12.2022 09:00:44 sql=[select * from sachcu where ids='1' ] 
05.12.2022 09:00:44 sql=[select * from admin where id='1' ] 
05.12.2022 09:02:50 sql=[select*from loai ] 
05.12.2022 09:02:50 sql=[select * from admin where id='1' ] 
05.12.2022 09:02:50 sql=[select * from sachcu where ids='1' ] 
05.12.2022 09:02:50 sql=[select * from admin where id='1' ] 
05.12.2022 09:02:52 sql=[select*from sachcu where idl='1' and trangthai='able'] 
05.12.2022 09:02:52 sql=[select*from loai where idl='1'] 
05.12.2022 09:02:52 sql=[select*from loai ] 
05.12.2022 09:02:55 sql=[select*from loai ] 
05.12.2022 09:02:55 sql=[select * from admin where id='1' ] 
05.12.2022 09:02:55 sql=[select * from sachcu where ids='1' ] 
05.12.2022 09:02:55 sql=[select * from admin where id='1' ] 
05.12.2022 09:03:16 sql=[select*from loai ] 
05.12.2022 09:03:16 sql=[select * from admin where id='1' ] 
05.12.2022 09:03:16 sql=[select * from sachcu where ids='1' ] 
05.12.2022 09:03:16 sql=[select * from admin where id='1' ] 
05.12.2022 09:03:18 sql=[select*from loai ] 
05.12.2022 09:03:18 sql=[select*from loai where idl=''] 
05.12.2022 09:03:18 sql=[select * from admin where id='1' ] 
05.12.2022 09:03:18 sql=[select * from sachcu where ids = '' and trangthai='able'] 
05.12.2022 09:06:04 sql=[select*from loai ] 
05.12.2022 09:06:04 sql=[select*from loai where idl='1'] 
05.12.2022 09:06:04 sql=[select * from admin where id='1' ] 
05.12.2022 09:06:04 sql=[select*from sachcu where idl='1' and trangthai='able'] 
05.12.2022 09:06:15 sql=[select*from loai ] 
05.12.2022 09:06:15 sql=[select*from loai where idl='1'] 
05.12.2022 09:06:15 sql=[select * from admin where id='1' ] 
05.12.2022 09:06:15 sql=[select*from sachcu where idl='1' and trangthai='able'] 
05.12.2022 09:06:23 sql=[select*from loai ] 
05.12.2022 09:06:23 sql=[select*from loai where idl='1'] 
05.12.2022 09:06:23 sql=[select * from admin where id='1' ] 
05.12.2022 09:06:23 sql=[select*from sachcu where idl='1' and trangthai='able'] 
05.12.2022 09:07:12 sql=[select*from loai ] 
05.12.2022 09:07:12 sql=[select*from loai where idl='1'] 
05.12.2022 09:07:12 sql=[select * from admin where id='1' ] 
05.12.2022 09:07:12 sql=[select*from sachcu where idl='1' and trangthai='able'] 
05.12.2022 09:07:19 sql=[select*from sachcu where idl='2' and trangthai='able'] 
05.12.2022 09:07:19 sql=[select*from loai where idl='2'] 
05.12.2022 09:07:19 sql=[select*from loai ] 
05.12.2022 09:07:28 sql=[select*from loai ] 
05.12.2022 09:07:28 sql=[select*from loai where idl='1'] 
05.12.2022 09:07:28 sql=[select * from admin where id='1' ] 
05.12.2022 09:07:28 sql=[select*from sachcu where idl='1' and trangthai='able'] 
05.12.2022 09:07:49 sql=[select*from loai ] 
05.12.2022 09:07:49 sql=[select*from loai where idl='1'] 
05.12.2022 09:07:49 sql=[select * from admin where id='1' ] 
05.12.2022 09:07:49 sql=[select*from sachcu where idl='1' and trangthai='able'] 
05.12.2022 09:07:50 sql=[select*from loai ] 
05.12.2022 09:07:50 sql=[select*from loai where idl='3'] 
05.12.2022 09:07:50 sql=[select * from admin where id='1' ] 
05.12.2022 09:07:51 sql=[select*from sachcu where idl='3' and trangthai='able'] 
05.12.2022 09:09:28 sql=[select*from loai ] 
05.12.2022 09:09:28 sql=[select*from loai where idl='3'] 
05.12.2022 09:09:28 sql=[select * from admin where id='1' ] 
05.12.2022 09:09:28 sql=[select*from sachcu where idl='3' and trangthai='able'] 
05.12.2022 09:10:19 sql=[select*from loai ] 
05.12.2022 09:10:19 sql=[select*from loai where idl='3'] 
05.12.2022 09:10:19 sql=[select * from admin where id='1' ] 
05.12.2022 09:10:19 sql=[select*from sachcu where idl='3' and trangthai='able'] 
05.12.2022 09:10:47 sql=[select*from loai ] 
05.12.2022 09:10:47 sql=[select*from loai where idl='3'] 
05.12.2022 09:10:47 sql=[select * from admin where id='1' ] 
05.12.2022 09:10:47 sql=[select*from sachcu where idl='3' and trangthai='able'] 
05.12.2022 09:10:59 sql=[select*from loai ] 
05.12.2022 09:10:59 sql=[select*from loai where idl='3'] 
05.12.2022 09:10:59 sql=[select * from admin where id='1' ] 
05.12.2022 09:10:59 sql=[select*from sachcu where idl='3' and trangthai='able'] 
05.12.2022 09:11:01 sql=[select*from sachcu where idl='2' and trangthai='able'] 
05.12.2022 09:11:01 sql=[select*from loai where idl='2'] 
05.12.2022 09:11:01 sql=[select*from loai ] 
05.12.2022 09:11:03 sql=[select*from sachcu where idl='4' and trangthai='able'] 
05.12.2022 09:11:03 sql=[select*from loai where idl='4'] 
05.12.2022 09:11:03 sql=[select*from loai ] 
05.12.2022 09:11:08 sql=[select*from sachcu where idl='5' and trangthai='able'] 
05.12.2022 09:11:08 sql=[select*from loai where idl='5'] 
05.12.2022 09:11:08 sql=[select*from loai ] 
05.12.2022 09:11:24 sql=[select*from sachcu where idl='5' and trangthai='able'] 
05.12.2022 09:11:24 sql=[select*from loai where idl='5'] 
05.12.2022 09:11:24 sql=[select*from loai ] 
05.12.2022 09:11:30 sql=[select*from loai ] 
05.12.2022 09:11:30 sql=[select*from loai where idl='3'] 
05.12.2022 09:11:30 sql=[select * from admin where id='1' ] 
05.12.2022 09:11:30 sql=[select*from sachcu where idl='3' and trangthai='able'] 
05.12.2022 09:11:32 sql=[select*from loai ] 
05.12.2022 09:11:32 sql=[select*from loai where idl='1'] 
05.12.2022 09:11:32 sql=[select * from admin where id='1' ] 
05.12.2022 09:11:32 sql=[select*from sachcu where idl='1' and trangthai='able'] 
05.12.2022 09:11:35 sql=[select*from loai ] 
05.12.2022 09:11:35 sql=[select*from loai where idl='3'] 
05.12.2022 09:11:35 sql=[select * from admin where id='1' ] 
05.12.2022 09:11:35 sql=[select*from sachcu where idl='3' and trangthai='able'] 
05.12.2022 09:11:37 sql=[select*from loai ] 
05.12.2022 09:11:37 sql=[select*from loai where idl='6'] 
05.12.2022 09:11:37 sql=[select * from admin where id='1' ] 
05.12.2022 09:11:37 sql=[select*from sachcu where idl='6' and trangthai='able'] 
05.12.2022 09:11:39 sql=[select*from loai ] 
05.12.2022 09:11:39 sql=[select*from loai where idl='4'] 
05.12.2022 09:11:39 sql=[select * from admin where id='1' ] 
05.12.2022 09:11:39 sql=[select*from sachcu where idl='4' and trangthai='able'] 
05.12.2022 09:11:41 sql=[select*from loai ] 
05.12.2022 09:11:41 sql=[select*from loai where idl='1'] 
05.12.2022 09:11:41 sql=[select * from admin where id='1' ] 
05.12.2022 09:11:41 sql=[select*from sachcu where idl='1' and trangthai='able'] 
05.12.2022 09:13:25 sql=[select*from loai ] 
05.12.2022 09:13:26 sql=[select*from loai where idl='1'] 
05.12.2022 09:13:26 sql=[select * from admin where id='1' ] 
05.12.2022 09:13:26 sql=[select*from sachcu where idl='1' and trangthai='able'] 
05.12.2022 09:13:28 sql=[select*from loai  ] 
05.12.2022 09:13:28 sql=[select * from sachcu where idl=1 and trangthai='able' LIMIT 6 ] 
05.12.2022 09:13:28 sql=[select * from sachcu where idl=2 and trangthai='able' LIMIT 6] 
05.12.2022 09:13:28 sql=[select * from sachcu where idl=3 and trangthai='able' LIMIT 6 ] 
05.12.2022 09:13:28 sql=[select * from sachcu where idl=4 and trangthai='able' LIMIT 6 ] 
05.12.2022 09:13:28 sql=[select * from sachcu where idl=5 and trangthai='able' LIMIT 6 ] 
05.12.2022 09:13:28 sql=[select * from sachcu where idl=6 and trangthai='able' LIMIT 6 ] 
05.12.2022 09:13:29 sql=[select*from sachcu where idl='1' and trangthai='able'] 
05.12.2022 09:13:29 sql=[select*from loai where idl='1'] 
05.12.2022 09:13:29 sql=[select*from loai ] 
05.12.2022 09:13:31 sql=[select*from sachcu where idl='1' and trangthai='able'] 
05.12.2022 09:13:31 sql=[select*from loai where idl='1'] 
05.12.2022 09:13:31 sql=[select*from loai ] 
05.12.2022 09:13:32 sql=[select*from loai  ] 
05.12.2022 09:13:32 sql=[select * from sachcu where idl=1 and trangthai='able' LIMIT 6 ] 
05.12.2022 09:13:32 sql=[select * from sachcu where idl=2 and trangthai='able' LIMIT 6] 
05.12.2022 09:13:32 sql=[select * from sachcu where idl=3 and trangthai='able' LIMIT 6 ] 
05.12.2022 09:13:32 sql=[select * from sachcu where idl=4 and trangthai='able' LIMIT 6 ] 
05.12.2022 09:13:32 sql=[select * from sachcu where idl=5 and trangthai='able' LIMIT 6 ] 
05.12.2022 09:13:32 sql=[select * from sachcu where idl=6 and trangthai='able' LIMIT 6 ] 
05.12.2022 09:13:34 sql=[select*from sachcu where ids='1'] 
05.12.2022 09:13:34 sql=[select*from loai ] 
05.12.2022 09:13:39 sql=[select*from sachcu where idl='2' and trangthai='able'] 
05.12.2022 09:13:39 sql=[select*from loai where idl='2'] 
05.12.2022 09:13:39 sql=[select*from loai ] 
05.12.2022 09:13:43 sql=[select*from sachcu where idl='4' and trangthai='able'] 
05.12.2022 09:13:43 sql=[select*from loai where idl='4'] 
05.12.2022 09:13:43 sql=[select*from loai ] 
05.12.2022 09:13:45 sql=[select*from loai ] 
05.12.2022 09:13:50 sql=[select*from loai ] 
05.12.2022 09:13:50 sql=[select * from admin where (username ='admin' or email='admin') and password = 'admin'] 
05.12.2022 09:13:50 sql=[select*from loai  ] 
05.12.2022 09:13:50 sql=[select * from sachcu where idl=1 and trangthai='able' LIMIT 6 ] 
05.12.2022 09:13:50 sql=[select * from sachcu where idl=2 and trangthai='able' LIMIT 6] 
05.12.2022 09:13:50 sql=[select * from sachcu where idl=3 and trangthai='able' LIMIT 6 ] 
05.12.2022 09:13:50 sql=[select * from sachcu where idl=4 and trangthai='able' LIMIT 6 ] 
05.12.2022 09:13:50 sql=[select * from sachcu where idl=5 and trangthai='able' LIMIT 6 ] 
05.12.2022 09:13:50 sql=[select * from sachcu where idl=6 and trangthai='able' LIMIT 6 ] 
05.12.2022 09:13:50 sql=[select * from admin where id='1' ] 
05.12.2022 09:13:53 sql=[select*from loai ] 
05.12.2022 09:13:53 sql=[select * from admin where id='1' ] 
05.12.2022 09:13:53 sql=[select * from sachcu where ids='1' ] 
05.12.2022 09:13:55 sql=[select*from loai ] 
05.12.2022 09:13:55 sql=[select * from admin where id='1' ] 
05.12.2022 09:13:55 sql=[select * from sachcu where ids='1' ] 
05.12.2022 09:13:55 sql=[select * from admin where id='1' ] 
05.12.2022 09:13:59 sql=[select*from loai ] 
05.12.2022 09:13:59 sql=[select*from loai where idl='2'] 
05.12.2022 09:13:59 sql=[select * from admin where id='1' ] 
05.12.2022 09:13:59 sql=[select*from sachcu where idl='2' and trangthai='able'] 
05.12.2022 09:14:01 sql=[select*from loai ] 
05.12.2022 09:14:01 sql=[select * from admin where id='1' ] 
05.12.2022 09:14:01 sql=[select * from sachcu where ids='1' ] 
05.12.2022 09:14:01 sql=[select * from admin where id='1' ] 
05.12.2022 09:14:02 sql=[select*from loai ] 
05.12.2022 09:14:02 sql=[select * from admin where id='1' ] 
05.12.2022 09:14:02 sql=[select * from sachcu where ids='1' ] 
05.12.2022 09:36:07 sql=[select*from loai  ] 
05.12.2022 09:36:07 sql=[select * from sachcu where idl=1 and trangthai='able' LIMIT 6 ] 
05.12.2022 09:36:07 sql=[select * from sachcu where idl=2 and trangthai='able' LIMIT 6] 
05.12.2022 09:36:07 sql=[select * from sachcu where idl=3 and trangthai='able' LIMIT 6 ] 
05.12.2022 09:36:07 sql=[select * from sachcu where idl=4 and trangthai='able' LIMIT 6 ] 
05.12.2022 09:36:07 sql=[select * from sachcu where idl=5 and trangthai='able' LIMIT 6 ] 
05.12.2022 09:36:07 sql=[select * from sachcu where idl=6 and trangthai='able' LIMIT 6 ] 
05.12.2022 09:39:50 sql=[select*from loai  ] 
05.12.2022 09:39:50 sql=[select * from sachcu where idl=1 and trangthai='able' LIMIT 6 ] 
05.12.2022 09:39:50 sql=[select * from sachcu where idl=2 and trangthai='able' LIMIT 6] 
05.12.2022 09:39:50 sql=[select * from sachcu where idl=3 and trangthai='able' LIMIT 6 ] 
05.12.2022 09:39:50 sql=[select * from sachcu where idl=4 and trangthai='able' LIMIT 6 ] 
05.12.2022 09:39:50 sql=[select * from sachcu where idl=5 and trangthai='able' LIMIT 6 ] 
05.12.2022 09:39:50 sql=[select * from sachcu where idl=6 and trangthai='able' LIMIT 6 ] 
05.12.2022 09:39:54 sql=[select*from loai  ] 
05.12.2022 09:39:54 sql=[select * from sachcu where idl=1 and trangthai='able' LIMIT 6 ] 
05.12.2022 09:39:54 sql=[select * from sachcu where idl=2 and trangthai='able' LIMIT 6] 
05.12.2022 09:39:54 sql=[select * from sachcu where idl=3 and trangthai='able' LIMIT 6 ] 
05.12.2022 09:39:54 sql=[select * from sachcu where idl=4 and trangthai='able' LIMIT 6 ] 
05.12.2022 09:39:54 sql=[select * from sachcu where idl=5 and trangthai='able' LIMIT 6 ] 
05.12.2022 09:39:54 sql=[select * from sachcu where idl=6 and trangthai='able' LIMIT 6 ] 
05.12.2022 09:39:56 sql=[select*from loai  ] 
05.12.2022 09:39:56 sql=[select * from sachcu where idl=1 and trangthai='able' LIMIT 6 ] 
05.12.2022 09:39:56 sql=[select * from sachcu where idl=2 and trangthai='able' LIMIT 6] 
05.12.2022 09:39:56 sql=[select * from sachcu where idl=3 and trangthai='able' LIMIT 6 ] 
05.12.2022 09:39:56 sql=[select * from sachcu where idl=4 and trangthai='able' LIMIT 6 ] 
05.12.2022 09:39:56 sql=[select * from sachcu where idl=5 and trangthai='able' LIMIT 6 ] 
05.12.2022 09:39:56 sql=[select * from sachcu where idl=6 and trangthai='able' LIMIT 6 ] 
05.12.2022 09:40:03 sql=[select*from loai  ] 
05.12.2022 09:40:03 sql=[select * from sachcu where idl=1 and trangthai='able' LIMIT 6 ] 
05.12.2022 09:40:03 sql=[select * from sachcu where idl=2 and trangthai='able' LIMIT 6] 
05.12.2022 09:40:03 sql=[select * from sachcu where idl=3 and trangthai='able' LIMIT 6 ] 
05.12.2022 09:40:03 sql=[select * from sachcu where idl=4 and trangthai='able' LIMIT 6 ] 
05.12.2022 09:40:03 sql=[select * from sachcu where idl=5 and trangthai='able' LIMIT 6 ] 
05.12.2022 09:40:03 sql=[select * from sachcu where idl=6 and trangthai='able' LIMIT 6 ] 
05.12.2022 09:40:04 sql=[select*from loai  ] 
05.12.2022 09:40:04 sql=[select * from sachcu where idl=1 and trangthai='able' LIMIT 6 ] 
05.12.2022 09:40:04 sql=[select * from sachcu where idl=2 and trangthai='able' LIMIT 6] 
05.12.2022 09:40:04 sql=[select * from sachcu where idl=3 and trangthai='able' LIMIT 6 ] 
05.12.2022 09:40:04 sql=[select * from sachcu where idl=4 and trangthai='able' LIMIT 6 ] 
05.12.2022 09:40:04 sql=[select * from sachcu where idl=5 and trangthai='able' LIMIT 6 ] 
05.12.2022 09:40:04 sql=[select * from sachcu where idl=6 and trangthai='able' LIMIT 6 ] 
05.12.2022 09:40:06 sql=[select*from loai  ] 
05.12.2022 09:40:06 sql=[select * from sachcu where idl=1 and trangthai='able' LIMIT 6 ] 
05.12.2022 09:40:06 sql=[select * from sachcu where idl=2 and trangthai='able' LIMIT 6] 
05.12.2022 09:40:06 sql=[select * from sachcu where idl=3 and trangthai='able' LIMIT 6 ] 
05.12.2022 09:40:06 sql=[select * from sachcu where idl=4 and trangthai='able' LIMIT 6 ] 
05.12.2022 09:40:06 sql=[select * from sachcu where idl=5 and trangthai='able' LIMIT 6 ] 
05.12.2022 09:40:06 sql=[select * from sachcu where idl=6 and trangthai='able' LIMIT 6 ] 
05.12.2022 09:40:08 sql=[select*from loai  ] 
05.12.2022 09:40:08 sql=[select * from sachcu where idl=1 and trangthai='able' LIMIT 6 ] 
05.12.2022 09:40:08 sql=[select * from sachcu where idl=2 and trangthai='able' LIMIT 6] 
05.12.2022 09:40:08 sql=[select * from sachcu where idl=3 and trangthai='able' LIMIT 6 ] 
05.12.2022 09:40:08 sql=[select * from sachcu where idl=4 and trangthai='able' LIMIT 6 ] 
05.12.2022 09:40:08 sql=[select * from sachcu where idl=5 and trangthai='able' LIMIT 6 ] 
05.12.2022 09:40:08 sql=[select * from sachcu where idl=6 and trangthai='able' LIMIT 6 ] 
05.12.2022 09:44:30 sql=[select*from loai  ] 
05.12.2022 09:44:30 sql=[select * from sachcu where idl=1 and trangthai='able' LIMIT 6 ] 
05.12.2022 09:44:30 sql=[select * from sachcu where idl=2 and trangthai='able' LIMIT 6] 
05.12.2022 09:44:30 sql=[select * from sachcu where idl=3 and trangthai='able' LIMIT 6 ] 
05.12.2022 09:44:30 sql=[select * from sachcu where idl=4 and trangthai='able' LIMIT 6 ] 
05.12.2022 09:44:30 sql=[select * from sachcu where idl=5 and trangthai='able' LIMIT 6 ] 
05.12.2022 09:44:30 sql=[select * from sachcu where idl=6 and trangthai='able' LIMIT 6 ] 
05.12.2022 09:44:34 sql=[select*from loai ] 
05.12.2022 09:44:34 sql=[Select * from sachcu where TenS like '%hbhj%'] 
05.12.2022 09:45:59 sql=[select*from loai ] 
05.12.2022 09:45:59 sql=[Select * from sachcu where TenS like '%hbhj%'] 
05.12.2022 09:46:01 sql=[select*from loai ] 
05.12.2022 09:46:01 sql=[Select * from sachcu where TenS like '%hbhj%'] 
05.12.2022 09:46:27 sql=[select*from loai  ] 
05.12.2022 09:46:27 sql=[select * from sachcu where idl=1 and trangthai='able' LIMIT 6 ] 
05.12.2022 09:46:27 sql=[select * from sachcu where idl=2 and trangthai='able' LIMIT 6] 
05.12.2022 09:46:27 sql=[select * from sachcu where idl=3 and trangthai='able' LIMIT 6 ] 
05.12.2022 09:46:27 sql=[select * from sachcu where idl=4 and trangthai='able' LIMIT 6 ] 
05.12.2022 09:46:27 sql=[select * from sachcu where idl=5 and trangthai='able' LIMIT 6 ] 
05.12.2022 09:46:27 sql=[select * from sachcu where idl=6 and trangthai='able' LIMIT 6 ] 
05.12.2022 09:46:30 sql=[select*from loai ] 
05.12.2022 09:46:30 sql=[select*from sachcu where idl='6' and trangthai='able'] 
05.12.2022 09:46:30 sql=[select*from loai where idl='6'] 
05.12.2022 09:46:38 sql=[select*from loai  ] 
05.12.2022 09:46:38 sql=[select * from sachcu where idl=1 and trangthai='able' LIMIT 6 ] 
05.12.2022 09:46:38 sql=[select * from sachcu where idl=2 and trangthai='able' LIMIT 6] 
05.12.2022 09:46:38 sql=[select * from sachcu where idl=3 and trangthai='able' LIMIT 6 ] 
05.12.2022 09:46:38 sql=[select * from sachcu where idl=4 and trangthai='able' LIMIT 6 ] 
05.12.2022 09:46:38 sql=[select * from sachcu where idl=5 and trangthai='able' LIMIT 6 ] 
05.12.2022 09:46:38 sql=[select * from sachcu where idl=6 and trangthai='able' LIMIT 6 ] 
05.12.2022 09:47:10 sql=[select*from loai  ] 
05.12.2022 09:47:10 sql=[select * from sachcu where idl=1 and trangthai='able' LIMIT 6 ] 
05.12.2022 09:47:10 sql=[select * from sachcu where idl=2 and trangthai='able' LIMIT 6] 
05.12.2022 09:47:10 sql=[select * from sachcu where idl=3 and trangthai='able' LIMIT 6 ] 
05.12.2022 09:47:10 sql=[select * from sachcu where idl=4 and trangthai='able' LIMIT 6 ] 
05.12.2022 09:47:10 sql=[select * from sachcu where idl=5 and trangthai='able' LIMIT 6 ] 
05.12.2022 09:47:10 sql=[select * from sachcu where idl=6 and trangthai='able' LIMIT 6 ] 
05.12.2022 09:47:13 sql=[select*from loai ] 
05.12.2022 09:47:13 sql=[select*from sachcu where idl='1' and trangthai='able'] 
05.12.2022 09:47:13 sql=[select*from loai where idl='1'] 
05.12.2022 09:47:15 sql=[select*from loai ] 
05.12.2022 09:47:15 sql=[select*from sachcu where idl='4' and trangthai='able'] 
05.12.2022 09:47:15 sql=[select*from loai where idl='4'] 
05.12.2022 09:47:17 sql=[select*from loai ] 
05.12.2022 09:47:17 sql=[select*from sachcu where idl='5' and trangthai='able'] 
05.12.2022 09:47:17 sql=[select*from loai where idl='5'] 
05.12.2022 09:47:19 sql=[select*from loai ] 
05.12.2022 09:47:19 sql=[select*from sachcu where idl='3' and trangthai='able'] 
05.12.2022 09:47:19 sql=[select*from loai where idl='3'] 
05.12.2022 09:51:33 sql=[select*from loai ] 
05.12.2022 09:51:33 sql=[select*from sachcu where idl='3' and trangthai='able'] 
05.12.2022 09:51:33 sql=[select*from loai where idl='3'] 
05.12.2022 09:51:35 sql=[select*from loai  ] 
05.12.2022 09:51:35 sql=[select * from sachcu where idl=1 and trangthai='able' LIMIT 6 ] 
05.12.2022 09:51:35 sql=[select * from sachcu where idl=2 and trangthai='able' LIMIT 6] 
05.12.2022 09:51:35 sql=[select * from sachcu where idl=3 and trangthai='able' LIMIT 6 ] 
05.12.2022 09:51:35 sql=[select * from sachcu where idl=4 and trangthai='able' LIMIT 6 ] 
05.12.2022 09:51:35 sql=[select * from sachcu where idl=5 and trangthai='able' LIMIT 6 ] 
05.12.2022 09:51:35 sql=[select * from sachcu where idl=6 and trangthai='able' LIMIT 6 ] 
05.12.2022 09:51:40 sql=[select*from loai ] 
05.12.2022 09:51:40 sql=[Select * from sachcu where TenS like '%hbhj%'] 
05.12.2022 09:51:55 sql=[select*from loai ] 
05.12.2022 09:51:55 sql=[Select * from sachcu where TenS like '%tâm lý%'] 
05.12.2022 10:01:54 sql=[select*from loai ] 
05.12.2022 10:01:54 sql=[Select * from sachcu where TenS like '%tâm lý%'] 
05.12.2022 10:02:49 sql=[select*from loai ] 
05.12.2022 10:02:49 sql=[Select * from sachcu where TenS like '%tâm lý%'] 
05.12.2022 10:02:54 sql=[select*from loai ] 
05.12.2022 10:02:54 sql=[Select * from sachcu where TenS like '%hbhj%'] 
05.12.2022 10:02:59 sql=[select*from loai ] 
05.12.2022 10:03:03 sql=[select*from loai ] 
05.12.2022 10:12:10 sql=[select*from loai ] 
05.12.2022 10:12:16 sql=[select*from loai ] 
05.12.2022 10:12:16 sql=[select * from admin where (username ='admin' or email='admin') and password = 'admin'] 
05.12.2022 10:12:16 sql=[select*from loai  ] 
05.12.2022 10:12:16 sql=[select * from sachcu where idl=1 and trangthai='able' LIMIT 6 ] 
05.12.2022 10:12:16 sql=[select * from sachcu where idl=2 and trangthai='able' LIMIT 6] 
05.12.2022 10:12:16 sql=[select * from sachcu where idl=3 and trangthai='able' LIMIT 6 ] 
05.12.2022 10:12:16 sql=[select * from sachcu where idl=4 and trangthai='able' LIMIT 6 ] 
05.12.2022 10:12:16 sql=[select * from sachcu where idl=5 and trangthai='able' LIMIT 6 ] 
05.12.2022 10:12:16 sql=[select * from sachcu where idl=6 and trangthai='able' LIMIT 6 ] 
05.12.2022 10:12:16 sql=[select * from admin where id='1' ] 
05.12.2022 10:12:18 sql=[select*from loai ] 
05.12.2022 10:12:18 sql=[select * from admin where id='1' ] 
05.12.2022 10:12:18 sql=[select * from admin  ] 
05.12.2022 10:13:03 sql=[select*from loai ] 
05.12.2022 10:13:03 sql=[select * from admin where id='1' ] 
05.12.2022 10:13:03 sql=[select * from sachcu where trangthai='able' ] 
05.12.2022 10:13:13 sql=[select*from loai ] 
05.12.2022 10:13:13 sql=[select * from admin where id='1' ] 
05.12.2022 10:13:13 sql=[select * from sachcu where trangthai='able'and TenS like '%%' ] 
05.12.2022 10:14:23 sql=[select*from loai ] 
05.12.2022 10:14:23 sql=[select * from admin where id='1' ] 
05.12.2022 10:14:23 sql=[select * from sachcu where trangthai='able'and TenS like '%tâm lý%' ] 
05.12.2022 10:18:07 sql=[select*from loai ] 
05.12.2022 10:18:07 sql=[select * from admin where id='1' ] 
05.12.2022 10:18:07 sql=[select * from sachcu where trangthai='able'and TenS like '%tâm lý%' ] 
05.12.2022 10:18:11 sql=[select*from loai ] 
05.12.2022 10:18:11 sql=[select * from admin where id='1' ] 
05.12.2022 10:18:12 sql=[select * from sachcu where trangthai='able'and TenS like '%tâm lý%' ] 
05.12.2022 10:18:20 sql=[select*from loai ] 
05.12.2022 10:18:20 sql=[select * from admin where id='1' ] 
05.12.2022 10:18:20 sql=[select * from sachcu where trangthai='able'and TenS like '%sống%' ] 
05.12.2022 10:19:36 sql=[select*from loai ] 
05.12.2022 10:19:36 sql=[select * from admin where id='1' ] 
05.12.2022 10:19:36 sql=[] 
05.12.2022 10:20:22 sql=[select*from loai ] 
05.12.2022 10:20:22 sql=[select * from admin where id='1' ] 
05.12.2022 10:20:22 sql=[select * from admin] 
05.12.2022 10:20:28 sql=[select*from loai ] 
05.12.2022 10:20:28 sql=[select * from admin where id='1' ] 
05.12.2022 10:20:28 sql=[select * from admin where username like %ad%] 
05.12.2022 10:20:28 Khong the select duoc,ERROR=[You have an error in your SQL syntax; check the manual that corresponds to your MariaDB server version for the right syntax to use near '%ad%' at line 1] 
05.12.2022 10:20:28 COUNT=[0] 
05.12.2022 10:21:16 sql=[select*from loai ] 
05.12.2022 10:21:16 sql=[select * from admin where id='1' ] 
05.12.2022 10:21:16 sql=[select * from admin where username like %ad%] 
05.12.2022 10:21:16 Khong the select duoc,ERROR=[You have an error in your SQL syntax; check the manual that corresponds to your MariaDB server version for the right syntax to use near '%ad%' at line 1] 
05.12.2022 10:21:16 COUNT=[0] 
05.12.2022 10:21:19 sql=[select*from loai ] 
05.12.2022 10:21:19 sql=[select * from admin where id='1' ] 
05.12.2022 10:21:19 sql=[select * from admin] 
05.12.2022 10:21:22 sql=[select*from loai ] 
05.12.2022 10:21:22 sql=[select * from admin where id='1' ] 
05.12.2022 10:21:22 sql=[select * from admin] 
05.12.2022 10:21:27 sql=[select*from loai ] 
05.12.2022 10:21:27 sql=[select * from admin where id='1' ] 
05.12.2022 10:21:27 sql=[select * from admin where username like %ly%] 
05.12.2022 10:21:27 Khong the select duoc,ERROR=[You have an error in your SQL syntax; check the manual that corresponds to your MariaDB server version for the right syntax to use near '%ly%' at line 1] 
05.12.2022 10:21:27 COUNT=[0] 
05.12.2022 10:21:29 sql=[select*from loai ] 
05.12.2022 10:21:29 sql=[select * from admin where id='1' ] 
05.12.2022 10:21:29 sql=[select * from admin] 
05.12.2022 10:21:33 sql=[select*from loai ] 
05.12.2022 10:21:33 sql=[select * from admin where id='1' ] 
05.12.2022 10:21:33 sql=[select * from admin where username like %lyly%] 
05.12.2022 10:21:33 Khong the select duoc,ERROR=[You have an error in your SQL syntax; check the manual that corresponds to your MariaDB server version for the right syntax to use near '%lyly%' at line 1] 
05.12.2022 10:21:33 COUNT=[0] 
05.12.2022 10:23:04 sql=[select*from loai ] 
05.12.2022 10:23:04 sql=[select * from admin where id='1' ] 
05.12.2022 10:23:04 sql=[select * from sachcu where trangthai='able' ] 
05.12.2022 10:23:14 sql=[select*from loai ] 
05.12.2022 10:23:14 sql=[select * from admin where id='1' ] 
05.12.2022 10:23:14 sql=[select * from sachcu where trangthai='able'and TenS like '%tâ%' ] 
05.12.2022 10:23:30 sql=[select*from loai ] 
05.12.2022 10:23:30 sql=[select * from admin where id='1' ] 
05.12.2022 10:23:30 sql=[select * from admin] 
05.12.2022 10:24:45 sql=[select*from loai ] 
05.12.2022 10:24:45 sql=[select * from admin where id='1' ] 
05.12.2022 10:24:45 sql=[] 
05.12.2022 10:25:01 sql=[select*from loai ] 
05.12.2022 10:25:01 sql=[select * from admin where id='1' ] 
05.12.2022 10:25:01 sql=[select * from admin] 
05.12.2022 10:25:04 sql=[select*from loai ] 
05.12.2022 10:25:04 sql=[select * from admin where id='1' ] 
05.12.2022 10:25:04 sql=[select * from admin where username like %%] 
05.12.2022 10:25:04 Khong the select duoc,ERROR=[You have an error in your SQL syntax; check the manual that corresponds to your MariaDB server version for the right syntax to use near '%%' at line 1] 
05.12.2022 10:25:04 COUNT=[0] 
05.12.2022 10:25:45 sql=[select*from loai ] 
05.12.2022 10:25:45 sql=[select * from admin where id='1' ] 
05.12.2022 10:25:45 sql=[select * from admin where username like %%] 
05.12.2022 10:25:45 Khong the select duoc,ERROR=[You have an error in your SQL syntax; check the manual that corresponds to your MariaDB server version for the right syntax to use near '%%' at line 1] 
05.12.2022 10:25:45 COUNT=[0] 
05.12.2022 10:25:47 sql=[select*from loai ] 
05.12.2022 10:25:47 sql=[select * from admin where id='1' ] 
05.12.2022 10:25:47 sql=[select * from admin] 
05.12.2022 10:25:48 sql=[select*from loai ] 
05.12.2022 10:25:48 sql=[select * from admin where id='1' ] 
05.12.2022 10:25:48 sql=[select * from admin] 
05.12.2022 10:25:50 sql=[select*from loai ] 
05.12.2022 10:25:50 sql=[select * from admin where id='1' ] 
05.12.2022 10:25:50 sql=[select * from admin where username like %%] 
05.12.2022 10:25:50 Khong the select duoc,ERROR=[You have an error in your SQL syntax; check the manual that corresponds to your MariaDB server version for the right syntax to use near '%%' at line 1] 
05.12.2022 10:25:50 COUNT=[0] 
05.12.2022 10:26:14 sql=[select*from loai ] 
05.12.2022 10:26:14 sql=[select * from admin where id='1' ] 
05.12.2022 10:26:14 sql=[select * from admin where username like %%] 
05.12.2022 10:26:14 Khong the select duoc,ERROR=[You have an error in your SQL syntax; check the manual that corresponds to your MariaDB server version for the right syntax to use near '%%' at line 1] 
05.12.2022 10:26:14 COUNT=[0] 
05.12.2022 10:26:18 sql=[select*from loai ] 
05.12.2022 10:26:18 sql=[select * from admin where id='1' ] 
05.12.2022 10:26:18 sql=[select * from admin] 
05.12.2022 10:26:20 sql=[select*from loai ] 
05.12.2022 10:26:20 sql=[select * from admin where id='1' ] 
05.12.2022 10:26:20 sql=[select * from admin] 
05.12.2022 10:26:26 sql=[select*from loai ] 
05.12.2022 10:26:26 sql=[select * from admin where id='1' ] 
05.12.2022 10:26:26 sql=[select * from admin where username like %ad%] 
05.12.2022 10:26:26 Khong the select duoc,ERROR=[You have an error in your SQL syntax; check the manual that corresponds to your MariaDB server version for the right syntax to use near '%ad%' at line 1] 
05.12.2022 10:26:26 COUNT=[0] 
05.12.2022 10:30:02 sql=[select*from loai ] 
05.12.2022 10:30:02 sql=[select * from admin where id='1' ] 
05.12.2022 10:30:02 sql=[select * from admin where username like %ad%] 
05.12.2022 10:30:02 Khong the select duoc,ERROR=[You have an error in your SQL syntax; check the manual that corresponds to your MariaDB server version for the right syntax to use near '%ad%' at line 1] 
05.12.2022 10:30:02 COUNT=[0] 
05.12.2022 10:30:17 sql=[select*from loai ] 
05.12.2022 10:30:17 sql=[select * from admin where id='1' ] 
05.12.2022 10:30:17 sql=[select * from admin] 
05.12.2022 10:30:18 sql=[select*from loai ] 
05.12.2022 10:30:18 sql=[select * from admin where id='1' ] 
05.12.2022 10:30:18 sql=[select * from admin where username like %%] 
05.12.2022 10:30:18 Khong the select duoc,ERROR=[You have an error in your SQL syntax; check the manual that corresponds to your MariaDB server version for the right syntax to use near '%%' at line 1] 
05.12.2022 10:30:18 COUNT=[0] 
05.12.2022 10:31:00 sql=[select*from loai ] 
05.12.2022 10:31:00 sql=[select * from admin where id='1' ] 
05.12.2022 10:31:00 sql=[select * from admin] 
05.12.2022 10:31:36 sql=[select*from loai ] 
05.12.2022 10:31:36 sql=[select * from admin where id='1' ] 
05.12.2022 10:31:36 sql=[select * from admin] 
05.12.2022 10:31:39 sql=[select*from loai ] 
05.12.2022 10:31:39 sql=[select * from admin where id='1' ] 
05.12.2022 10:31:39 sql=[select * from admin where username like %hbhj%] 
05.12.2022 10:31:39 Khong the select duoc,ERROR=[You have an error in your SQL syntax; check the manual that corresponds to your MariaDB server version for the right syntax to use near '%hbhj%' at line 1] 
05.12.2022 10:31:39 COUNT=[0] 
05.12.2022 10:31:45 sql=[select*from loai ] 
05.12.2022 10:31:45 sql=[select * from admin where id='1' ] 
05.12.2022 10:31:45 sql=[select * from admin] 
05.12.2022 10:31:51 sql=[select*from loai ] 
05.12.2022 10:31:51 sql=[select * from admin where id='1' ] 
05.12.2022 10:31:51 sql=[select * from admin where username like %admin%] 
05.12.2022 10:31:51 Khong the select duoc,ERROR=[You have an error in your SQL syntax; check the manual that corresponds to your MariaDB server version for the right syntax to use near '%admin%' at line 1] 
05.12.2022 10:31:51 COUNT=[0] 
05.12.2022 10:31:56 sql=[select*from loai ] 
05.12.2022 10:31:56 sql=[select * from admin where id='1' ] 
05.12.2022 10:31:56 sql=[select * from admin] 
05.12.2022 10:32:57 sql=[select*from loai ] 
05.12.2022 10:32:57 sql=[select * from admin where id='1' ] 
05.12.2022 10:32:57 sql=[select * from admin] 
05.12.2022 10:33:06 sql=[select*from loai ] 
05.12.2022 10:33:06 sql=[select * from admin where id='1' ] 
05.12.2022 10:33:06 sql=[select * from admin where username like '%a%'] 
05.12.2022 10:33:11 sql=[select*from loai ] 
05.12.2022 10:33:11 sql=[select * from admin where id='1' ] 
05.12.2022 10:33:11 sql=[select * from admin where username like '%i%'] 
05.12.2022 10:33:15 sql=[select*from loai ] 
05.12.2022 10:33:15 sql=[select * from admin where id='1' ] 
05.12.2022 10:33:15 sql=[select * from admin where username like '%h%'] 
05.12.2022 10:33:19 sql=[select*from loai ] 
05.12.2022 10:33:19 sql=[select * from admin where id='1' ] 
05.12.2022 10:33:19 sql=[select * from admin where username like '%%'] 
05.12.2022 10:33:25 sql=[select*from loai ] 
05.12.2022 10:33:25 sql=[select * from admin where id='1' ] 
05.12.2022 10:33:25 sql=[select * from admin where username like '%%'] 
05.12.2022 10:33:27 sql=[select*from loai ] 
05.12.2022 10:33:27 sql=[select * from admin where id='1' ] 
05.12.2022 10:33:27 sql=[select * from sachcu where trangthai='able' ] 
05.12.2022 10:33:29 sql=[select*from loai ] 
05.12.2022 10:33:29 sql=[select * from admin where id='1' ] 
05.12.2022 10:33:29 sql=[select * from sachcu where trangthai='able'and TenS like '%%' ] 
05.12.2022 10:33:34 sql=[select*from loai ] 
05.12.2022 10:33:34 sql=[select * from admin where id='1' ] 
05.12.2022 10:33:34 sql=[select * from sachcu where trangthai='able'and TenS like '%hbhj%' ] 
05.12.2022 10:33:39 sql=[select*from loai ] 
05.12.2022 10:33:39 sql=[select * from admin where id='1' ] 
05.12.2022 10:33:39 sql=[select * from admin] 
05.12.2022 10:33:42 sql=[select*from loai ] 
05.12.2022 10:33:42 sql=[select * from admin where id='1' ] 
05.12.2022 10:33:42 sql=[select * from admin where username like '%hbhj%'] 
05.12.2022 10:34:03 sql=[select*from loai ] 
05.12.2022 10:34:03 sql=[select * from admin where id='1' ] 
05.12.2022 10:34:03 sql=[select * from admin where username like '%hbhj%'] 
05.12.2022 10:34:05 sql=[select*from loai ] 
05.12.2022 10:34:05 sql=[select * from admin where id='1' ] 
05.12.2022 10:34:05 sql=[select * from admin where username like '%%'] 
05.12.2022 10:34:10 sql=[select*from loai ] 
05.12.2022 10:34:10 sql=[select * from admin where id='1' ] 
05.12.2022 10:34:10 sql=[select*from loai where idl='2'] 
05.12.2022 10:34:10 sql=[select*from sachcu where idl='2' and trangthai='able'] 
05.12.2022 10:34:10 sql=[select*from sachcu where idl='2' and trangthai='able'] 
05.12.2022 10:34:10 sql=[select*from loai where idl='2'] 
05.12.2022 10:34:14 sql=[select*from loai ] 
05.12.2022 10:34:14 sql=[select * from admin where id='1' ] 
05.12.2022 10:34:14 sql=[select*from loai where idl=''] 
05.12.2022 10:34:14 sql=[select*from sachcu where idl='' and trangthai='able'] 
05.12.2022 10:34:14 sql=[Select * from sachcu where TenS like '%tâm lý%'] 
05.12.2022 10:34:29 sql=[select*from loai ] 
05.12.2022 10:34:29 sql=[select * from admin where id='1' ] 
05.12.2022 10:34:29 sql=[select*from loai where idl='2'] 
05.12.2022 10:34:29 sql=[select*from sachcu where idl='2' and trangthai='able'] 
05.12.2022 10:34:29 sql=[select*from sachcu where idl='2' and trangthai='able'] 
05.12.2022 10:34:29 sql=[select*from loai where idl='2'] 
05.12.2022 10:35:17 sql=[select*from loai ] 
05.12.2022 10:35:17 sql=[select * from admin where id='1' ] 
05.12.2022 10:35:17 sql=[select*from sachcu where idl='2' and trangthai='able'] 
05.12.2022 10:35:17 sql=[select*from loai where idl='2'] 
05.12.2022 10:35:20 sql=[select*from loai ] 
05.12.2022 10:35:20 sql=[select * from admin where id='1' ] 
05.12.2022 10:35:20 sql=[Select * from sachcu where TenS like '%tâm lý%'] 
05.12.2022 10:35:23 sql=[select*from loai ] 
05.12.2022 10:35:23 sql=[select * from admin where id='1' ] 
05.12.2022 10:35:23 sql=[Select * from sachcu where TenS like '%hbhj%'] 
05.12.2022 10:35:25 sql=[select*from loai  ] 
05.12.2022 10:35:25 sql=[select * from sachcu where idl=1 and trangthai='able' LIMIT 6 ] 
05.12.2022 10:35:25 sql=[select * from sachcu where idl=2 and trangthai='able' LIMIT 6] 
05.12.2022 10:35:26 sql=[select * from sachcu where idl=3 and trangthai='able' LIMIT 6 ] 
05.12.2022 10:35:26 sql=[select * from sachcu where idl=4 and trangthai='able' LIMIT 6 ] 
05.12.2022 10:35:26 sql=[select * from sachcu where idl=5 and trangthai='able' LIMIT 6 ] 
05.12.2022 10:35:26 sql=[select * from sachcu where idl=6 and trangthai='able' LIMIT 6 ] 
05.12.2022 10:55:38 sql=[select*from loai  ] 
05.12.2022 10:55:38 sql=[select * from sachcu where idl=1 and trangthai='able' LIMIT 6 ] 
05.12.2022 10:55:38 sql=[select * from sachcu where idl=2 and trangthai='able' LIMIT 6] 
05.12.2022 10:55:38 sql=[select * from sachcu where idl=3 and trangthai='able' LIMIT 6 ] 
05.12.2022 10:55:38 sql=[select * from sachcu where idl=4 and trangthai='able' LIMIT 6 ] 
05.12.2022 10:55:38 sql=[select * from sachcu where idl=5 and trangthai='able' LIMIT 6 ] 
05.12.2022 10:55:38 sql=[select * from sachcu where idl=6 and trangthai='able' LIMIT 6 ] 
05.12.2022 10:55:40 sql=[select*from loai ] 
05.12.2022 10:55:48 sql=[select*from loai ] 
05.12.2022 10:55:48 sql=[select * from admin where (username ='admin' or email='admin') and password = 'admin'] 
05.12.2022 10:55:48 sql=[select*from loai  ] 
05.12.2022 10:55:48 sql=[select * from sachcu where idl=1 and trangthai='able' LIMIT 6 ] 
05.12.2022 10:55:48 sql=[select * from sachcu where idl=2 and trangthai='able' LIMIT 6] 
05.12.2022 10:55:48 sql=[select * from sachcu where idl=3 and trangthai='able' LIMIT 6 ] 
05.12.2022 10:55:48 sql=[select * from sachcu where idl=4 and trangthai='able' LIMIT 6 ] 
05.12.2022 10:55:48 sql=[select * from sachcu where idl=5 and trangthai='able' LIMIT 6 ] 
05.12.2022 10:55:48 sql=[select * from sachcu where idl=6 and trangthai='able' LIMIT 6 ] 
05.12.2022 10:55:48 sql=[select * from admin where id='1' ] 
05.12.2022 10:55:50 sql=[select*from loai ] 
05.12.2022 10:55:50 sql=[select * from admin where id='1' ] 
05.12.2022 10:55:50 sql=[select * from admin] 
05.12.2022 10:55:52 sql=[select*from loai ] 
05.12.2022 10:55:52 sql=[select * from admin where id='1' ] 
05.12.2022 10:56:03 sql=[select*from loai ] 
05.12.2022 10:56:03 sql=[select * from admin where id='1' ] 
05.12.2022 10:56:59 sql=[select*from loai ] 
05.12.2022 10:56:59 sql=[select * from admin where id='1' ] 
05.12.2022 10:57:07 sql=[select*from loai ] 
05.12.2022 10:57:07 sql=[select * from admin where id='1' ] 
05.12.2022 10:57:07 sql=[select * from admin where email='abh@gmail.com'] 
05.12.2022 10:57:07 sql=[select * from admin where username='trang'] 
05.12.2022 10:57:21 sql=[select*from loai ] 
05.12.2022 10:57:21 sql=[select * from admin where id='1' ] 
05.12.2022 10:57:21 sql=[select * from admin where email='ab1h@gmail.com'] 
05.12.2022 10:57:21 sql=[select * from admin where username='admin3'] 
05.12.2022 10:57:21 <!-- sql=[INSERT INTO admin
                        VALUES (Null,'admin3','1','ab1h@gmail.com',0,'able','user')] --> 
05.12.2022 10:57:21 sql=[select*from loai ] 
05.12.2022 10:59:35 sql=[select*from loai ] 
05.12.2022 10:59:41 sql=[select*from loai ] 
05.12.2022 10:59:41 sql=[select * from admin where (username ='admin' or email='admin') and password = 'admin'] 
05.12.2022 10:59:41 sql=[select*from loai  ] 
05.12.2022 10:59:41 sql=[select * from sachcu where idl=1 and trangthai='able' LIMIT 6 ] 
05.12.2022 10:59:41 sql=[select * from sachcu where idl=2 and trangthai='able' LIMIT 6] 
05.12.2022 10:59:41 sql=[select * from sachcu where idl=3 and trangthai='able' LIMIT 6 ] 
05.12.2022 10:59:41 sql=[select * from sachcu where idl=4 and trangthai='able' LIMIT 6 ] 
05.12.2022 10:59:41 sql=[select * from sachcu where idl=5 and trangthai='able' LIMIT 6 ] 
05.12.2022 10:59:41 sql=[select * from sachcu where idl=6 and trangthai='able' LIMIT 6 ] 
05.12.2022 10:59:41 sql=[select * from admin where id='1' ] 
05.12.2022 10:59:43 sql=[select*from loai ] 
05.12.2022 10:59:43 sql=[select * from admin where id='1' ] 
05.12.2022 10:59:43 sql=[select * from admin] 
05.12.2022 10:59:44 sql=[select*from loai ] 
05.12.2022 10:59:44 sql=[select * from admin where id='1' ] 
05.12.2022 11:00:00 sql=[select*from loai ] 
05.12.2022 11:00:00 sql=[select * from admin where id='1' ] 
05.12.2022 11:00:00 sql=[select * from admin where email='ab88h@gmail.com'] 
05.12.2022 11:00:00 sql=[select * from admin where username='lyly2'] 
05.12.2022 11:00:00 <!-- sql=[INSERT INTO admin
                        VALUES (Null,'lyly2','1','ab88h@gmail.com',0,'able','user')] --> 
05.12.2022 11:00:02 sql=[select*from loai ] 
05.12.2022 11:00:02 sql=[select * from admin where id='1' ] 
05.12.2022 11:00:02 sql=[select * from admin] 
05.12.2022 11:00:13 sql=[select * from admin where id='15' ] 
05.12.2022 11:00:13 <!-- sql=[ UPDATE admin SET trangthai='disable' where id='15'] --> 
05.12.2022 11:00:14 sql=[select*from loai ] 
05.12.2022 11:00:14 sql=[select * from admin where id='1' ] 
05.12.2022 11:00:14 sql=[select * from admin] 
05.12.2022 11:00:46 sql=[select*from loai ] 
05.12.2022 11:00:46 sql=[select * from admin where id='1' ] 
05.12.2022 11:00:46 sql=[select * from admin] 
05.12.2022 11:02:26 sql=[select*from loai ] 
05.12.2022 11:02:26 sql=[select * from admin where id='1' ] 
05.12.2022 11:02:26 sql=[select * from admin] 
05.12.2022 11:02:30 sql=[select*from loai ] 
05.12.2022 11:02:30 sql=[select * from admin where id='1' ] 
05.12.2022 11:02:30 sql=[select * from admin] 
05.12.2022 11:03:12 sql=[select*from loai ] 
05.12.2022 11:03:12 sql=[select * from admin where id='1' ] 
05.12.2022 11:03:12 sql=[select * from admin] 
05.12.2022 11:04:44 sql=[select*from loai ] 
05.12.2022 11:04:44 sql=[select * from admin where id='1' ] 
05.12.2022 11:04:44 sql=[select * from admin] 
06.12.2022 03:16:10 sql=[select*from loai  ] 
06.12.2022 03:16:10 sql=[select * from sachcu where idl=1 and trangthai='able' LIMIT 6 ] 
06.12.2022 03:16:11 sql=[select * from sachcu where idl=2 and trangthai='able' LIMIT 6] 
06.12.2022 03:16:11 sql=[select * from sachcu where idl=3 and trangthai='able' LIMIT 6 ] 
06.12.2022 03:16:11 sql=[select * from sachcu where idl=4 and trangthai='able' LIMIT 6 ] 
06.12.2022 03:16:11 sql=[select * from sachcu where idl=5 and trangthai='able' LIMIT 6 ] 
06.12.2022 03:16:11 sql=[select * from sachcu where idl=6 and trangthai='able' LIMIT 6 ] 
06.12.2022 03:16:20 sql=[select*from loai ] 
06.12.2022 03:16:20 sql=[select*from sachcu where idl='5' and trangthai='able'] 
06.12.2022 03:16:20 sql=[select*from loai where idl='5'] 
06.12.2022 03:16:25 sql=[select*from loai ] 
06.12.2022 03:16:25 sql=[select*from sachcu where idl='3' and trangthai='able'] 
06.12.2022 03:16:25 sql=[select*from loai where idl='3'] 
06.12.2022 03:16:31 sql=[select*from loai ] 
06.12.2022 03:16:37 sql=[select*from loai ] 
06.12.2022 03:16:37 sql=[select * from admin where (username ='admin' or email='admin') and password = 'admin'] 
06.12.2022 03:16:37 sql=[select*from loai  ] 
06.12.2022 03:16:37 sql=[select * from sachcu where idl=1 and trangthai='able' LIMIT 6 ] 
06.12.2022 03:16:37 sql=[select * from sachcu where idl=2 and trangthai='able' LIMIT 6] 
06.12.2022 03:16:37 sql=[select * from sachcu where idl=3 and trangthai='able' LIMIT 6 ] 
06.12.2022 03:16:37 sql=[select * from sachcu where idl=4 and trangthai='able' LIMIT 6 ] 
06.12.2022 03:16:37 sql=[select * from sachcu where idl=5 and trangthai='able' LIMIT 6 ] 
06.12.2022 03:16:37 sql=[select * from sachcu where idl=6 and trangthai='able' LIMIT 6 ] 
06.12.2022 03:16:37 sql=[select * from admin where id='1' ] 
06.12.2022 03:16:50 sql=[select*from loai ] 
06.12.2022 03:16:50 sql=[select * from admin where id='1' ] 
06.12.2022 03:16:50 sql=[select * from admin] 
06.12.2022 03:16:55 sql=[select*from loai ] 
06.12.2022 03:16:55 sql=[select * from admin where id='1' ] 
06.12.2022 03:16:55 sql=[select * from sachcu where trangthai='able' ] 
06.12.2022 03:17:45 sql=[select*from loai ] 
06.12.2022 03:17:45 sql=[select * from admin where id='1' ] 
06.12.2022 03:17:45 sql=[select * from sachcu where trangthai='able' ] 
06.12.2022 03:18:25 sql=[select*from loai  ] 
06.12.2022 03:18:25 sql=[select * from sachcu where idl=1 and trangthai='able' LIMIT 6 ] 
06.12.2022 03:18:25 sql=[select * from sachcu where idl=2 and trangthai='able' LIMIT 6] 
06.12.2022 03:18:25 sql=[select * from sachcu where idl=3 and trangthai='able' LIMIT 6 ] 
06.12.2022 03:18:25 sql=[select * from sachcu where idl=4 and trangthai='able' LIMIT 6 ] 
06.12.2022 03:18:26 sql=[select * from sachcu where idl=5 and trangthai='able' LIMIT 6 ] 
06.12.2022 03:18:26 sql=[select * from sachcu where idl=6 and trangthai='able' LIMIT 6 ] 
06.12.2022 03:18:30 sql=[select*from loai ] 
06.12.2022 03:18:37 sql=[select*from loai ] 
06.12.2022 03:18:37 sql=[select * from admin where (username ='admin' or email='admin') and password = 'admin'] 
06.12.2022 03:18:37 sql=[select*from loai  ] 
06.12.2022 03:18:37 sql=[select * from sachcu where idl=1 and trangthai='able' LIMIT 6 ] 
06.12.2022 03:18:37 sql=[select * from sachcu where idl=2 and trangthai='able' LIMIT 6] 
06.12.2022 03:18:37 sql=[select * from sachcu where idl=3 and trangthai='able' LIMIT 6 ] 
06.12.2022 03:18:37 sql=[select * from sachcu where idl=4 and trangthai='able' LIMIT 6 ] 
06.12.2022 03:18:37 sql=[select * from sachcu where idl=5 and trangthai='able' LIMIT 6 ] 
06.12.2022 03:18:37 sql=[select * from sachcu where idl=6 and trangthai='able' LIMIT 6 ] 
06.12.2022 03:18:37 sql=[select * from admin where id='1' ] 
06.12.2022 03:18:48 sql=[select*from loai ] 
06.12.2022 03:18:48 sql=[select * from admin where id='1' ] 
06.12.2022 03:18:48 sql=[select * from admin] 
06.12.2022 03:18:56 sql=[select*from loai ] 
06.12.2022 03:18:56 sql=[select * from admin where id='1' ] 
06.12.2022 03:18:56 sql=[select * from sachcu where trangthai='able' ] 
06.12.2022 03:41:25 sql=[select*from loai  ] 
06.12.2022 03:41:25 sql=[select * from sachcu where idl=1 and trangthai='able' LIMIT 6 ] 
06.12.2022 03:41:25 sql=[select * from sachcu where idl=2 and trangthai='able' LIMIT 6] 
06.12.2022 03:41:25 sql=[select * from sachcu where idl=3 and trangthai='able' LIMIT 6 ] 
06.12.2022 03:41:25 sql=[select * from sachcu where idl=4 and trangthai='able' LIMIT 6 ] 
06.12.2022 03:41:25 sql=[select * from sachcu where idl=5 and trangthai='able' LIMIT 6 ] 
06.12.2022 03:41:25 sql=[select * from sachcu where idl=6 and trangthai='able' LIMIT 6 ] 
06.12.2022 03:42:14 sql=[select*from loai  ] 
06.12.2022 03:42:14 sql=[select * from sachcu where idl=1 and trangthai='able' LIMIT 6 ] 
06.12.2022 03:42:15 sql=[select * from sachcu where idl=2 and trangthai='able' LIMIT 6] 
06.12.2022 03:42:15 sql=[select * from sachcu where idl=3 and trangthai='able' LIMIT 6 ] 
06.12.2022 03:42:15 sql=[select * from sachcu where idl=4 and trangthai='able' LIMIT 6 ] 
06.12.2022 03:42:15 sql=[select * from sachcu where idl=5 and trangthai='able' LIMIT 6 ] 
06.12.2022 03:42:15 sql=[select * from sachcu where idl=6 and trangthai='able' LIMIT 6 ] 
06.12.2022 03:42:37 sql=[select*from sachcu where ids='8'] 
06.12.2022 03:42:37 sql=[select*from loai ] 
06.12.2022 03:43:52 sql=[select*from sachcu where ids='8'] 
06.12.2022 03:43:52 sql=[select*from loai ] 
06.12.2022 03:44:14 sql=[select*from loai ] 
06.12.2022 03:44:14 sql=[select*from sachcu where idl='1' and trangthai='able'] 
06.12.2022 03:44:14 sql=[select*from loai where idl='1'] 
06.12.2022 03:44:16 sql=[select*from loai ] 
06.12.2022 03:44:16 sql=[select*from sachcu where idl='3' and trangthai='able'] 
06.12.2022 03:44:16 sql=[select*from loai where idl='3'] 
06.12.2022 03:44:18 sql=[select*from sachcu where ids='2'] 
06.12.2022 03:44:18 sql=[select*from loai ] 
06.12.2022 03:44:25 sql=[select*from sachcu where ids='3'] 
06.12.2022 03:44:25 sql=[select*from loai ] 
06.12.2022 03:44:33 sql=[select*from loai ] 
06.12.2022 03:44:33 sql=[select*from sachcu where idl='1' and trangthai='able'] 
06.12.2022 03:44:33 sql=[select*from loai where idl='1'] 
06.12.2022 03:44:34 sql=[select*from sachcu where ids='8'] 
06.12.2022 03:44:34 sql=[select*from loai ] 
06.12.2022 04:01:29 sql=[select*from loai ] 
06.12.2022 04:01:29 sql=[select*from sachcu where idl='3' and trangthai='able'] 
06.12.2022 04:01:29 sql=[select*from loai where idl='3'] 
06.12.2022 04:01:30 sql=[select*from sachcu where ids='1'] 
06.12.2022 04:01:30 sql=[select*from loai ] 
06.12.2022 04:01:41 sql=[select*from sachcu where ids='1'] 
06.12.2022 04:01:41 sql=[select*from loai ] 
06.12.2022 04:01:45 sql=[select*from loai ] 
06.12.2022 04:01:45 sql=[select*from sachcu where idl='1' and trangthai='able'] 
06.12.2022 04:01:45 sql=[select*from loai where idl='1'] 
06.12.2022 04:01:46 sql=[select*from sachcu where ids='8'] 
06.12.2022 04:01:46 sql=[select*from loai ] 
06.12.2022 04:09:06 sql=[select*from sachcu where ids='1'] 
06.12.2022 04:09:06 sql=[select*from loai ] 
06.12.2022 04:09:11 sql=[select*from sachcu where ids='8'] 
06.12.2022 04:09:11 sql=[select*from loai ] 
06.12.2022 04:15:43 sql=[select*from sachcu where ids='8'] 
06.12.2022 04:15:43 sql=[select*from loai ] 
06.12.2022 04:15:49 sql=[select*from loai ] 
06.12.2022 04:15:49 sql=[select*from sachcu where idl='3' and trangthai='able'] 
06.12.2022 04:15:49 sql=[select*from loai where idl='3'] 
06.12.2022 04:15:50 sql=[select*from sachcu where ids='1'] 
06.12.2022 04:15:50 sql=[select*from loai ] 
06.12.2022 04:16:53 sql=[select*from sachcu where ids='1'] 
06.12.2022 04:16:53 sql=[select*from loai ] 
06.12.2022 04:17:18 sql=[select*from loai ] 
06.12.2022 04:23:20 sql=[select*from sachcu where ids='1'] 
06.12.2022 04:23:20 sql=[select*from loai ] 
06.12.2022 04:23:24 sql=[select*from loai ] 
06.12.2022 04:23:24 sql=[select*from sachcu where idl='1' and trangthai='able'] 
06.12.2022 04:23:24 sql=[select*from loai where idl='1'] 
06.12.2022 04:27:23 sql=[select*from loai ] 
06.12.2022 04:27:23 sql=[select*from sachcu where idl='1' and trangthai='able'] 
06.12.2022 04:27:23 sql=[select*from loai where idl='1'] 
06.12.2022 04:27:39 sql=[select*from loai ] 
06.12.2022 04:27:53 sql=[select*from loai ] 
06.12.2022 04:27:53 sql=[select * from admin where (username ='lyly' or email='lyly') and password = '2'] 
06.12.2022 04:28:19 sql=[select*from loai ] 
06.12.2022 04:28:19 sql=[select * from admin where (username ='lyly' or email='lyly') and password = '2'] 
06.12.2022 04:28:27 sql=[select*from loai ] 
06.12.2022 04:28:27 sql=[select * from admin where (username ='lyly' or email='lyly') and password = 'lyly'] 
06.12.2022 04:28:27 sql=[select*from loai  ] 
06.12.2022 04:28:27 sql=[select * from sachcu where idl=1 and trangthai='able' LIMIT 6 ] 
06.12.2022 04:28:27 sql=[select * from sachcu where idl=2 and trangthai='able' LIMIT 6] 
06.12.2022 04:28:27 sql=[select * from sachcu where idl=3 and trangthai='able' LIMIT 6 ] 
06.12.2022 04:28:27 sql=[select * from sachcu where idl=4 and trangthai='able' LIMIT 6 ] 
06.12.2022 04:28:27 sql=[select * from sachcu where idl=5 and trangthai='able' LIMIT 6 ] 
06.12.2022 04:28:27 sql=[select * from sachcu where idl=6 and trangthai='able' LIMIT 6 ] 
06.12.2022 04:28:27 sql=[select * from admin where id='2' ] 
06.12.2022 04:28:30 sql=[select*from loai ] 
06.12.2022 04:28:30 sql=[select * from admin where id='2' ] 
06.12.2022 04:28:30 sql=[select * from sachcu where id='2' and trangthai='able'] 
06.12.2022 04:28:32 sql=[select*from loai ] 
06.12.2022 04:28:32 sql=[select * from admin where id='2' ] 
06.12.2022 04:28:32 sql=[select * from sachcu where ids = '10'] 
06.12.2022 04:28:38 sql=[select*from loai ] 
06.12.2022 04:28:38 sql=[select * from admin where id='2' ] 
06.12.2022 04:28:38 sql=[select * from sachcu where ids = '10'] 
06.12.2022 04:28:38 <!-- sql=[ UPDATE sachcu SET id='2',idl='1', TenS='Lịch Sử Ung Thư – Hoàng Đế Của Bách Bệnh', TacGia='Siddhartha Mukherjee',anh='img/khoahoc3.jpg', MoTa='Hành trình xuyên thời gian khi Mukherjee ghi lại lịch sử nhiễm bệnh của căn bệnh bí ẩn đóng một vai trò quan trọng đối với sức khỏe con người ngày nay – ung thư. Từ nguồn gốc sớm nhất của bệnh ung thư cho đến cuộc chiến trong thế kỷ 21 để chinh phục căn bệnh quái ác này, cuốn sách đã khắc họa toàn diện mối quan hệ của nhân loại với căn bệnh này và khám phá câu hỏi liệu có thể loại bỏ căn bệnh này khỏi xã hội của chúng ta mãi mãi hay không.', Diem='34' where ids=10] --> 
06.12.2022 04:28:40 sql=[select*from loai ] 
06.12.2022 04:28:40 sql=[select * from admin where id='2' ] 
06.12.2022 04:28:40 sql=[select * from sachcu where id='2' and trangthai='able'] 
06.12.2022 04:28:45 sql=[select*from loai ] 
06.12.2022 04:28:45 sql=[select * from admin where id='2' ] 
06.12.2022 04:28:45 sql=[select*from sachcu where idl='1' and trangthai='able'] 
06.12.2022 04:28:45 sql=[select*from loai where idl='1'] 
06.12.2022 04:28:51 sql=[select*from loai ] 
06.12.2022 04:28:51 sql=[select * from admin where id='2' ] 
06.12.2022 04:28:51 sql=[select * from sachcu where ids='10' ] 
06.12.2022 04:29:00 sql=[select*from loai ] 
06.12.2022 04:29:00 sql=[select * from admin where id='2' ] 
06.12.2022 04:29:00 sql=[select * from sachcu where id='2' and trangthai='able'] 
06.12.2022 04:29:03 sql=[select*from loai ] 
06.12.2022 04:29:03 sql=[select * from admin where id='2' ] 
